[0.000000] (-) TimerEvent: {}
[0.000120] (telemetry_bridge) JobQueued: {'identifier': 'telemetry_bridge', 'dependencies': OrderedDict()}
[0.000247] (telemetry_bridge) JobStarted: {'identifier': 'telemetry_bridge'}
[0.008038] (telemetry_bridge) JobProgress: {'identifier': 'telemetry_bridge', 'progress': 'cmake'}
[0.008654] (telemetry_bridge) JobProgress: {'identifier': 'telemetry_bridge', 'progress': 'build'}
[0.009024] (telemetry_bridge) Command: {'cmd': ['/usr/bin/cmake', '--build', '/workspace/build/telemetry_bridge', '--', '-j16', '-l16'], 'cwd': '/workspace/build/telemetry_bridge', 'env': OrderedDict([('HOSTNAME', 'db3dc379567b'), ('SHLVL', '1'), ('LD_LIBRARY_PATH', '/opt/ros/foxy/opt/yaml_cpp_vendor/lib:/opt/ros/foxy/lib/x86_64-linux-gnu:/opt/ros/foxy/lib'), ('HOME', '/root'), ('OLDPWD', '/workspace'), ('ROS_PYTHON_VERSION', '3'), ('ROS_DISTRO', 'foxy'), ('_', '/usr/bin/colcon'), ('ROS_VERSION', '2'), ('ROS_LOCALHOST_ONLY', '0'), ('PATH', '/opt/ros/foxy/bin:/usr/local/sbin:/usr/local/bin:/usr/sbin:/usr/bin:/sbin:/bin'), ('DOCKER_TEST_RUN', '1'), ('LANG', 'C.UTF-8'), ('AMENT_PREFIX_PATH', '/opt/ros/foxy'), ('PWD', '/workspace/build/telemetry_bridge'), ('LC_ALL', 'C.UTF-8'), ('BUILD_TESTING', 'ON'), ('PYTHONPATH', '/opt/ros/foxy/lib/python3.8/site-packages'), ('COLCON', '1'), ('CMAKE_PREFIX_PATH', '/opt/ros/foxy')]), 'shell': False}
[0.053560] (telemetry_bridge) StdoutLine: {'line': b'[  9%] Built target gtest_main\n'}
[0.053746] (telemetry_bridge) StdoutLine: {'line': b'[  9%] Built target telemetry_bridge__cpp\n'}
[0.053805] (telemetry_bridge) StdoutLine: {'line': b'[  9%] Built target gtest\n'}
[0.054251] (telemetry_bridge) StdoutLine: {'line': b'[ 17%] Built target telemetry_bridge__rosidl_generator_c\n'}
[0.068485] (telemetry_bridge) StdoutLine: {'line': b'[ 21%] Built target latency_test\n'}
[0.069199] (telemetry_bridge) StdoutLine: {'line': b'[ 44%] Built target telemetry_bridge__rosidl_typesupport_introspection_cpp\n'}
[0.069296] (telemetry_bridge) StdoutLine: {'line': b'[ 44%] Built target telemetry_bridge__rosidl_typesupport_cpp\n'}
[0.069345] (telemetry_bridge) StdoutLine: {'line': b'[ 44%] Built target telemetry_bridge__rosidl_typesupport_c\n'}
[0.069462] (telemetry_bridge) StdoutLine: {'line': b'[ 51%] Built target telemetry_bridge__rosidl_typesupport_introspection_c\n'}
[0.069859] (telemetry_bridge) StdoutLine: {'line': b'[ 59%] Built target telemetry_bridge__rosidl_typesupport_fastrtps_cpp\n'}
[0.086488] (telemetry_bridge) StdoutLine: {'line': b'[ 67%] Built target telemetry_bridge__rosidl_typesupport_fastrtps_c\n'}
[0.099821] (-) TimerEvent: {}
[0.100785] (telemetry_bridge) StdoutLine: {'line': b'[ 67%] Built target telemetry_bridge\n'}
[0.115256] (telemetry_bridge) StdoutLine: {'line': b'[ 69%] Built target telemetry_bridge__py\n'}
[0.122275] (telemetry_bridge) StdoutLine: {'line': b'[ 75%] Built target telemetry_bridge_nodes\n'}
[0.131974] (telemetry_bridge) StdoutLine: {'line': b'[ 80%] Built target telemetry_bridge__python\n'}
[0.141555] (telemetry_bridge) StdoutLine: {'line': b'[ 84%] Built target udp_bridge\n'}
[0.147864] (telemetry_bridge) StdoutLine: {'line': b'[ 96%] Built target telemetry_bridge__rosidl_typesupport_introspection_c__pyext\n'}
[0.147974] (telemetry_bridge) StdoutLine: {'line': b'[ 96%] Built target telemetry_bridge__rosidl_typesupport_fastrtps_c__pyext\n'}
[0.148012] (telemetry_bridge) StdoutLine: {'line': b'[ 96%] Built target telemetry_bridge__rosidl_typesupport_c__pyext\n'}
[0.150494] (telemetry_bridge) StdoutLine: {'line': b'Scanning dependencies of target monitor_test\n'}
[0.161147] (telemetry_bridge) StdoutLine: {'line': b'[ 98%] Building CXX object CMakeFiles/monitor_test.dir/workspace/src/tests/monitor_test.cpp.o\n'}
[0.199911] (-) TimerEvent: {}
[0.300074] (-) TimerEvent: {}
[0.400238] (-) TimerEvent: {}
[0.500408] (-) TimerEvent: {}
[0.600577] (-) TimerEvent: {}
[0.700748] (-) TimerEvent: {}
[0.800924] (-) TimerEvent: {}
[0.901091] (-) TimerEvent: {}
[1.001250] (-) TimerEvent: {}
[1.101399] (-) TimerEvent: {}
[1.201560] (-) TimerEvent: {}
[1.301736] (-) TimerEvent: {}
[1.401932] (-) TimerEvent: {}
[1.502094] (-) TimerEvent: {}
[1.600453] (telemetry_bridge) StdoutLine: {'line': b'[100%] Linking CXX executable monitor_test\n'}
[1.602147] (-) TimerEvent: {}
[1.702261] (-) TimerEvent: {}
[1.725600] (telemetry_bridge) StdoutLine: {'line': b'[100%] Built target monitor_test\n'}
[1.733958] (telemetry_bridge) CommandEnded: {'returncode': 0}
[1.786282] (telemetry_bridge) JobProgress: {'identifier': 'telemetry_bridge', 'progress': 'install'}
[1.794992] (telemetry_bridge) Command: {'cmd': ['/usr/bin/cmake', '--install', '/workspace/build/telemetry_bridge'], 'cwd': '/workspace/build/telemetry_bridge', 'env': OrderedDict([('HOSTNAME', 'db3dc379567b'), ('SHLVL', '1'), ('LD_LIBRARY_PATH', '/opt/ros/foxy/opt/yaml_cpp_vendor/lib:/opt/ros/foxy/lib/x86_64-linux-gnu:/opt/ros/foxy/lib'), ('HOME', '/root'), ('OLDPWD', '/workspace'), ('ROS_PYTHON_VERSION', '3'), ('ROS_DISTRO', 'foxy'), ('_', '/usr/bin/colcon'), ('ROS_VERSION', '2'), ('ROS_LOCALHOST_ONLY', '0'), ('PATH', '/opt/ros/foxy/bin:/usr/local/sbin:/usr/local/bin:/usr/sbin:/usr/bin:/sbin:/bin'), ('DOCKER_TEST_RUN', '1'), ('LANG', 'C.UTF-8'), ('AMENT_PREFIX_PATH', '/opt/ros/foxy'), ('PWD', '/workspace/build/telemetry_bridge'), ('LC_ALL', 'C.UTF-8'), ('BUILD_TESTING', 'ON'), ('PYTHONPATH', '/opt/ros/foxy/lib/python3.8/site-packages'), ('COLCON', '1'), ('CMAKE_PREFIX_PATH', '/opt/ros/foxy')]), 'shell': False}
[1.802387] (telemetry_bridge) StdoutLine: {'line': b'-- Install configuration: ""\n'}
[1.802535] (-) TimerEvent: {}
[1.802548] (telemetry_bridge) StdoutLine: {'line': b'-- Installing: /workspace/install/telemetry_bridge/share/ament_index/resource_index/rosidl_interfaces/telemetry_bridge\n'}
[1.802613] (telemetry_bridge) StdoutLine: {'line': b'-- Installing: /workspace/install/telemetry_bridge/include/telemetry_bridge\n'}
[1.802696] (telemetry_bridge) StdoutLine: {'line': b'-- Installing: /workspace/install/telemetry_bridge/include/telemetry_bridge/msg\n'}
[1.802752] (telemetry_bridge) StdoutLine: {'line': b'-- Installing: /workspace/install/telemetry_bridge/include/telemetry_bridge/msg/rosidl_generator_c__visibility_control.h\n'}
[1.802833] (telemetry_bridge) StdoutLine: {'line': b'-- Installing: /workspace/install/telemetry_bridge/include/telemetry_bridge/msg/telemetry_state.h\n'}
[1.802914] (telemetry_bridge) StdoutLine: {'line': b'-- Installing: /workspace/install/telemetry_bridge/include/telemetry_bridge/msg/detail\n'}
[1.802965] (telemetry_bridge) StdoutLine: {'line': b'-- Installing: /workspace/install/telemetry_bridge/include/telemetry_bridge/msg/detail/latency_stats__type_support.h\n'}
[1.803050] (telemetry_bridge) StdoutLine: {'line': b'-- Installing: /workspace/install/telemetry_bridge/include/telemetry_bridge/msg/detail/telemetry_state__functions.c\n'}
[1.803141] (telemetry_bridge) StdoutLine: {'line': b'-- Installing: /workspace/install/telemetry_bridge/include/telemetry_bridge/msg/detail/latency_stats__struct.h\n'}
[1.803226] (telemetry_bridge) StdoutLine: {'line': b'-- Installing: /workspace/install/telemetry_bridge/include/telemetry_bridge/msg/detail/telemetry_state__struct.h\n'}
[1.803312] (telemetry_bridge) StdoutLine: {'line': b'-- Installing: /workspace/install/telemetry_bridge/include/telemetry_bridge/msg/detail/telemetry_state__functions.h\n'}
[1.803399] (telemetry_bridge) StdoutLine: {'line': b'-- Installing: /workspace/install/telemetry_bridge/include/telemetry_bridge/msg/detail/latency_stats__functions.h\n'}
[1.803484] (telemetry_bridge) StdoutLine: {'line': b'-- Installing: /workspace/install/telemetry_bridge/include/telemetry_bridge/msg/detail/telemetry_state__type_support.h\n'}
[1.803569] (telemetry_bridge) StdoutLine: {'line': b'-- Installing: /workspace/install/telemetry_bridge/include/telemetry_bridge/msg/detail/latency_stats__functions.c\n'}
[1.803657] (telemetry_bridge) StdoutLine: {'line': b'-- Installing: /workspace/install/telemetry_bridge/include/telemetry_bridge/msg/latency_stats.h\n'}
[1.803806] (telemetry_bridge) StdoutLine: {'line': b'-- Installing: /workspace/install/telemetry_bridge/share/telemetry_bridge/environment/library_path.sh\n'}
[1.803928] (telemetry_bridge) StdoutLine: {'line': b'-- Installing: /workspace/install/telemetry_bridge/share/telemetry_bridge/environment/library_path.dsv\n'}
[1.804078] (telemetry_bridge) StdoutLine: {'line': b'-- Installing: /workspace/install/telemetry_bridge/lib/libtelemetry_bridge__rosidl_generator_c.so\n'}
[1.804397] (telemetry_bridge) StdoutLine: {'line': b'-- Set runtime path of "/workspace/install/telemetry_bridge/lib/libtelemetry_bridge__rosidl_generator_c.so" to ""\n'}
[1.804448] (telemetry_bridge) StdoutLine: {'line': b'-- Up-to-date: /workspace/install/telemetry_bridge/include/telemetry_bridge\n'}
[1.804517] (telemetry_bridge) StdoutLine: {'line': b'-- Up-to-date: /workspace/install/telemetry_bridge/include/telemetry_bridge/msg\n'}
[1.804567] (telemetry_bridge) StdoutLine: {'line': b'-- Up-to-date: /workspace/install/telemetry_bridge/include/telemetry_bridge/msg/detail\n'}
[1.804594] (telemetry_bridge) StdoutLine: {'line': b'-- Installing: /workspace/install/telemetry_bridge/include/telemetry_bridge/msg/detail/latency_stats__rosidl_typesupport_fastrtps_c.h\n'}
[1.804678] (telemetry_bridge) StdoutLine: {'line': b'-- Installing: /workspace/install/telemetry_bridge/include/telemetry_bridge/msg/detail/telemetry_state__rosidl_typesupport_fastrtps_c.h\n'}
[1.804744] (telemetry_bridge) StdoutLine: {'line': b'-- Installing: /workspace/install/telemetry_bridge/include/telemetry_bridge/msg/rosidl_typesupport_fastrtps_c__visibility_control.h\n'}
[1.804869] (telemetry_bridge) StdoutLine: {'line': b'-- Installing: /workspace/install/telemetry_bridge/lib/libtelemetry_bridge__rosidl_typesupport_fastrtps_c.so\n'}
[1.805189] (telemetry_bridge) StdoutLine: {'line': b'-- Set runtime path of "/workspace/install/telemetry_bridge/lib/libtelemetry_bridge__rosidl_typesupport_fastrtps_c.so" to ""\n'}
[1.805246] (telemetry_bridge) StdoutLine: {'line': b'-- Up-to-date: /workspace/install/telemetry_bridge/include/telemetry_bridge\n'}
[1.805316] (telemetry_bridge) StdoutLine: {'line': b'-- Up-to-date: /workspace/install/telemetry_bridge/include/telemetry_bridge/msg\n'}
[1.805343] (telemetry_bridge) StdoutLine: {'line': b'-- Installing: /workspace/install/telemetry_bridge/include/telemetry_bridge/msg/rosidl_typesupport_fastrtps_cpp__visibility_control.h\n'}
[1.805409] (telemetry_bridge) StdoutLine: {'line': b'-- Up-to-date: /workspace/install/telemetry_bridge/include/telemetry_bridge/msg/detail\n'}
[1.805435] (telemetry_bridge) StdoutLine: {'line': b'-- Installing: /workspace/install/telemetry_bridge/include/telemetry_bridge/msg/detail/dds_fastrtps\n'}
[1.805483] (telemetry_bridge) StdoutLine: {'line': b'-- Installing: /workspace/install/telemetry_bridge/include/telemetry_bridge/msg/detail/latency_stats__rosidl_typesupport_fastrtps_cpp.hpp\n'}
[1.805547] (telemetry_bridge) StdoutLine: {'line': b'-- Installing: /workspace/install/telemetry_bridge/include/telemetry_bridge/msg/detail/telemetry_state__rosidl_typesupport_fastrtps_cpp.hpp\n'}
[1.805690] (telemetry_bridge) StdoutLine: {'line': b'-- Installing: /workspace/install/telemetry_bridge/lib/libtelemetry_bridge__rosidl_typesupport_fastrtps_cpp.so\n'}
[1.806065] (telemetry_bridge) StdoutLine: {'line': b'-- Set runtime path of "/workspace/install/telemetry_bridge/lib/libtelemetry_bridge__rosidl_typesupport_fastrtps_cpp.so" to ""\n'}
[1.806133] (telemetry_bridge) StdoutLine: {'line': b'-- Up-to-date: /workspace/install/telemetry_bridge/include/telemetry_bridge\n'}
[1.806215] (telemetry_bridge) StdoutLine: {'line': b'-- Up-to-date: /workspace/install/telemetry_bridge/include/telemetry_bridge/msg\n'}
[1.806257] (telemetry_bridge) StdoutLine: {'line': b'-- Up-to-date: /workspace/install/telemetry_bridge/include/telemetry_bridge/msg/detail\n'}
[1.806312] (telemetry_bridge) StdoutLine: {'line': b'-- Installing: /workspace/install/telemetry_bridge/include/telemetry_bridge/msg/detail/telemetry_state__rosidl_typesupport_introspection_c.h\n'}
[1.806338] (telemetry_bridge) StdoutLine: {'line': b'-- Installing: /workspace/install/telemetry_bridge/include/telemetry_bridge/msg/detail/telemetry_state__type_support.c\n'}
[1.806413] (telemetry_bridge) StdoutLine: {'line': b'-- Installing: /workspace/install/telemetry_bridge/include/telemetry_bridge/msg/detail/latency_stats__rosidl_typesupport_introspection_c.h\n'}
[1.806522] (telemetry_bridge) StdoutLine: {'line': b'-- Installing: /workspace/install/telemetry_bridge/include/telemetry_bridge/msg/detail/latency_stats__type_support.c\n'}
[1.806639] (telemetry_bridge) StdoutLine: {'line': b'-- Installing: /workspace/install/telemetry_bridge/include/telemetry_bridge/msg/rosidl_typesupport_introspection_c__visibility_control.h\n'}
[1.806785] (telemetry_bridge) StdoutLine: {'line': b'-- Installing: /workspace/install/telemetry_bridge/lib/libtelemetry_bridge__rosidl_typesupport_introspection_c.so\n'}
[1.807108] (telemetry_bridge) StdoutLine: {'line': b'-- Set runtime path of "/workspace/install/telemetry_bridge/lib/libtelemetry_bridge__rosidl_typesupport_introspection_c.so" to ""\n'}
[1.807168] (telemetry_bridge) StdoutLine: {'line': b'-- Installing: /workspace/install/telemetry_bridge/lib/libtelemetry_bridge__rosidl_typesupport_c.so\n'}
[1.807439] (telemetry_bridge) StdoutLine: {'line': b'-- Set runtime path of "/workspace/install/telemetry_bridge/lib/libtelemetry_bridge__rosidl_typesupport_c.so" to ""\n'}
[1.807489] (telemetry_bridge) StdoutLine: {'line': b'-- Up-to-date: /workspace/install/telemetry_bridge/include/telemetry_bridge\n'}
[1.807553] (telemetry_bridge) StdoutLine: {'line': b'-- Up-to-date: /workspace/install/telemetry_bridge/include/telemetry_bridge/msg\n'}
[1.807596] (telemetry_bridge) StdoutLine: {'line': b'-- Up-to-date: /workspace/install/telemetry_bridge/include/telemetry_bridge/msg/detail\n'}
[1.807623] (telemetry_bridge) StdoutLine: {'line': b'-- Installing: /workspace/install/telemetry_bridge/include/telemetry_bridge/msg/detail/telemetry_state__traits.hpp\n'}
[1.807676] (telemetry_bridge) StdoutLine: {'line': b'-- Installing: /workspace/install/telemetry_bridge/include/telemetry_bridge/msg/detail/telemetry_state__builder.hpp\n'}
[1.807756] (telemetry_bridge) StdoutLine: {'line': b'-- Installing: /workspace/install/telemetry_bridge/include/telemetry_bridge/msg/detail/latency_stats__struct.hpp\n'}
[1.807850] (telemetry_bridge) StdoutLine: {'line': b'-- Installing: /workspace/install/telemetry_bridge/include/telemetry_bridge/msg/detail/telemetry_state__type_support.hpp\n'}
[1.807935] (telemetry_bridge) StdoutLine: {'line': b'-- Installing: /workspace/install/telemetry_bridge/include/telemetry_bridge/msg/detail/telemetry_state__struct.hpp\n'}
[1.808034] (telemetry_bridge) StdoutLine: {'line': b'-- Installing: /workspace/install/telemetry_bridge/include/telemetry_bridge/msg/detail/latency_stats__type_support.hpp\n'}
[1.808129] (telemetry_bridge) StdoutLine: {'line': b'-- Installing: /workspace/install/telemetry_bridge/include/telemetry_bridge/msg/detail/latency_stats__traits.hpp\n'}
[1.808203] (telemetry_bridge) StdoutLine: {'line': b'-- Installing: /workspace/install/telemetry_bridge/include/telemetry_bridge/msg/detail/latency_stats__builder.hpp\n'}
[1.808284] (telemetry_bridge) StdoutLine: {'line': b'-- Installing: /workspace/install/telemetry_bridge/include/telemetry_bridge/msg/rosidl_generator_cpp__visibility_control.hpp\n'}
[1.808370] (telemetry_bridge) StdoutLine: {'line': b'-- Installing: /workspace/install/telemetry_bridge/include/telemetry_bridge/msg/telemetry_state.hpp\n'}
[1.808456] (telemetry_bridge) StdoutLine: {'line': b'-- Installing: /workspace/install/telemetry_bridge/include/telemetry_bridge/msg/latency_stats.hpp\n'}
[1.808603] (telemetry_bridge) StdoutLine: {'line': b'-- Up-to-date: /workspace/install/telemetry_bridge/include/telemetry_bridge\n'}
[1.808636] (telemetry_bridge) StdoutLine: {'line': b'-- Up-to-date: /workspace/install/telemetry_bridge/include/telemetry_bridge/msg\n'}
[1.808694] (telemetry_bridge) StdoutLine: {'line': b'-- Up-to-date: /workspace/install/telemetry_bridge/include/telemetry_bridge/msg/detail\n'}
[1.808758] (telemetry_bridge) StdoutLine: {'line': b'-- Installing: /workspace/install/telemetry_bridge/include/telemetry_bridge/msg/detail/latency_stats__type_support.cpp\n'}
[1.808790] (telemetry_bridge) StdoutLine: {'line': b'-- Installing: /workspace/install/telemetry_bridge/include/telemetry_bridge/msg/detail/latency_stats__rosidl_typesupport_introspection_cpp.hpp\n'}
[1.808861] (telemetry_bridge) StdoutLine: {'line': b'-- Installing: /workspace/install/telemetry_bridge/include/telemetry_bridge/msg/detail/telemetry_state__type_support.cpp\n'}
[1.808934] (telemetry_bridge) StdoutLine: {'line': b'-- Installing: /workspace/install/telemetry_bridge/include/telemetry_bridge/msg/detail/telemetry_state__rosidl_typesupport_introspection_cpp.hpp\n'}
[1.809063] (telemetry_bridge) StdoutLine: {'line': b'-- Installing: /workspace/install/telemetry_bridge/lib/libtelemetry_bridge__rosidl_typesupport_introspection_cpp.so\n'}
[1.809409] (telemetry_bridge) StdoutLine: {'line': b'-- Set runtime path of "/workspace/install/telemetry_bridge/lib/libtelemetry_bridge__rosidl_typesupport_introspection_cpp.so" to ""\n'}
[1.809473] (telemetry_bridge) StdoutLine: {'line': b'-- Installing: /workspace/install/telemetry_bridge/lib/libtelemetry_bridge__rosidl_typesupport_cpp.so\n'}
[1.809767] (telemetry_bridge) StdoutLine: {'line': b'-- Set runtime path of "/workspace/install/telemetry_bridge/lib/libtelemetry_bridge__rosidl_typesupport_cpp.so" to ""\n'}
[1.809818] (telemetry_bridge) StdoutLine: {'line': b'-- Installing: /workspace/install/telemetry_bridge/share/telemetry_bridge/environment/pythonpath.sh\n'}
[1.809919] (telemetry_bridge) StdoutLine: {'line': b'-- Installing: /workspace/install/telemetry_bridge/share/telemetry_bridge/environment/pythonpath.dsv\n'}
[1.810076] (telemetry_bridge) StdoutLine: {'line': b'-- Installing: /workspace/install/telemetry_bridge/lib/python3.8/site-packages/telemetry_bridge/__init__.py\n'}
[1.826114] (telemetry_bridge) StdoutLine: {'line': b"Compiling '/workspace/install/telemetry_bridge/lib/python3.8/site-packages/telemetry_bridge/__init__.py'...\n"}
[1.828223] (telemetry_bridge) StdoutLine: {'line': b'-- Installing: /workspace/install/telemetry_bridge/lib/python3.8/site-packages/telemetry_bridge/msg\n'}
[1.828313] (telemetry_bridge) StdoutLine: {'line': b'-- Installing: /workspace/install/telemetry_bridge/lib/python3.8/site-packages/telemetry_bridge/msg/__init__.py\n'}
[1.828461] (telemetry_bridge) StdoutLine: {'line': b'-- Installing: /workspace/install/telemetry_bridge/lib/python3.8/site-packages/telemetry_bridge/msg/_latency_stats_s.c\n'}
[1.828595] (telemetry_bridge) StdoutLine: {'line': b'-- Installing: /workspace/install/telemetry_bridge/lib/python3.8/site-packages/telemetry_bridge/msg/_telemetry_state_s.c\n'}
[1.828758] (telemetry_bridge) StdoutLine: {'line': b'-- Installing: /workspace/install/telemetry_bridge/lib/python3.8/site-packages/telemetry_bridge/msg/_telemetry_state.py\n'}
[1.828873] (telemetry_bridge) StdoutLine: {'line': b'-- Installing: /workspace/install/telemetry_bridge/lib/python3.8/site-packages/telemetry_bridge/msg/_latency_stats.py\n'}
[1.829123] (telemetry_bridge) StdoutLine: {'line': b'-- Installing: /workspace/install/telemetry_bridge/lib/python3.8/site-packages/telemetry_bridge/telemetry_bridge_s__rosidl_typesupport_fastrtps_c.cpython-38-x86_64-linux-gnu.so\n'}
[1.829533] (telemetry_bridge) StdoutLine: {'line': b'-- Set runtime path of "/workspace/install/telemetry_bridge/lib/python3.8/site-packages/telemetry_bridge/telemetry_bridge_s__rosidl_typesupport_fastrtps_c.cpython-38-x86_64-linux-gnu.so" to ""\n'}
[1.829719] (telemetry_bridge) StdoutLine: {'line': b'-- Installing: /workspace/install/telemetry_bridge/lib/python3.8/site-packages/telemetry_bridge/telemetry_bridge_s__rosidl_typesupport_introspection_c.cpython-38-x86_64-linux-gnu.so\n'}
[1.830208] (telemetry_bridge) StdoutLine: {'line': b'-- Set runtime path of "/workspace/install/telemetry_bridge/lib/python3.8/site-packages/telemetry_bridge/telemetry_bridge_s__rosidl_typesupport_introspection_c.cpython-38-x86_64-linux-gnu.so" to ""\n'}
[1.830325] (telemetry_bridge) StdoutLine: {'line': b'-- Installing: /workspace/install/telemetry_bridge/lib/python3.8/site-packages/telemetry_bridge/telemetry_bridge_s__rosidl_typesupport_c.cpython-38-x86_64-linux-gnu.so\n'}
[1.830724] (telemetry_bridge) StdoutLine: {'line': b'-- Set runtime path of "/workspace/install/telemetry_bridge/lib/python3.8/site-packages/telemetry_bridge/telemetry_bridge_s__rosidl_typesupport_c.cpython-38-x86_64-linux-gnu.so" to ""\n'}
[1.830789] (telemetry_bridge) StdoutLine: {'line': b'-- Installing: /workspace/install/telemetry_bridge/lib/libtelemetry_bridge__python.so\n'}
[1.831094] (telemetry_bridge) StdoutLine: {'line': b'-- Set runtime path of "/workspace/install/telemetry_bridge/lib/libtelemetry_bridge__python.so" to ""\n'}
[1.831169] (telemetry_bridge) StdoutLine: {'line': b'-- Installing: /workspace/install/telemetry_bridge/share/telemetry_bridge/msg/TelemetryState.idl\n'}
[1.831278] (telemetry_bridge) StdoutLine: {'line': b'-- Installing: /workspace/install/telemetry_bridge/share/telemetry_bridge/msg/LatencyStats.idl\n'}
[1.831380] (telemetry_bridge) StdoutLine: {'line': b'-- Installing: /workspace/install/telemetry_bridge/share/telemetry_bridge/msg/TelemetryState.msg\n'}
[1.831490] (telemetry_bridge) StdoutLine: {'line': b'-- Installing: /workspace/install/telemetry_bridge/share/telemetry_bridge/msg/LatencyStats.msg\n'}
[1.831636] (telemetry_bridge) StdoutLine: {'line': b'-- Installing: /workspace/install/telemetry_bridge/lib/telemetry_bridge/udp_bridge\n'}
[1.832028] (telemetry_bridge) StdoutLine: {'line': b'-- Set runtime path of "/workspace/install/telemetry_bridge/lib/telemetry_bridge/udp_bridge" to ""\n'}
[1.832093] (telemetry_bridge) StdoutLine: {'line': b'-- Installing: /workspace/install/telemetry_bridge/share/telemetry_bridge/launch\n'}
[1.832152] (telemetry_bridge) StdoutLine: {'line': b'-- Installing: /workspace/install/telemetry_bridge/share/telemetry_bridge/launch/bridge_launch.py\n'}
[1.832203] (telemetry_bridge) StdoutLine: {'line': b'-- Installing: /workspace/install/telemetry_bridge/share/telemetry_bridge/config\n'}
[1.832254] (telemetry_bridge) StdoutLine: {'line': b'-- Installing: /workspace/install/telemetry_bridge/share/telemetry_bridge/config/bridge_params.yaml\n'}
[1.832378] (telemetry_bridge) StdoutLine: {'line': b'-- Installing: /workspace/install/telemetry_bridge/share/ament_index/resource_index/package_run_dependencies/telemetry_bridge\n'}
[1.832519] (telemetry_bridge) StdoutLine: {'line': b'-- Installing: /workspace/install/telemetry_bridge/share/ament_index/resource_index/parent_prefix_path/telemetry_bridge\n'}
[1.832651] (telemetry_bridge) StdoutLine: {'line': b'-- Installing: /workspace/install/telemetry_bridge/share/telemetry_bridge/environment/ament_prefix_path.sh\n'}
[1.832766] (telemetry_bridge) StdoutLine: {'line': b'-- Installing: /workspace/install/telemetry_bridge/share/telemetry_bridge/environment/ament_prefix_path.dsv\n'}
[1.832880] (telemetry_bridge) StdoutLine: {'line': b'-- Installing: /workspace/install/telemetry_bridge/share/telemetry_bridge/environment/path.sh\n'}
[1.832989] (telemetry_bridge) StdoutLine: {'line': b'-- Installing: /workspace/install/telemetry_bridge/share/telemetry_bridge/environment/path.dsv\n'}
[1.833123] (telemetry_bridge) StdoutLine: {'line': b'-- Installing: /workspace/install/telemetry_bridge/share/telemetry_bridge/local_setup.bash\n'}
[1.833245] (telemetry_bridge) StdoutLine: {'line': b'-- Installing: /workspace/install/telemetry_bridge/share/telemetry_bridge/local_setup.sh\n'}
[1.833349] (telemetry_bridge) StdoutLine: {'line': b'-- Installing: /workspace/install/telemetry_bridge/share/telemetry_bridge/local_setup.zsh\n'}
[1.833450] (telemetry_bridge) StdoutLine: {'line': b'-- Installing: /workspace/install/telemetry_bridge/share/telemetry_bridge/local_setup.dsv\n'}
[1.833551] (telemetry_bridge) StdoutLine: {'line': b'-- Installing: /workspace/install/telemetry_bridge/share/telemetry_bridge/package.dsv\n'}
[1.833719] (telemetry_bridge) StdoutLine: {'line': b'-- Installing: /workspace/install/telemetry_bridge/share/ament_index/resource_index/packages/telemetry_bridge\n'}
[1.833880] (telemetry_bridge) StdoutLine: {'line': b'-- Installing: /workspace/install/telemetry_bridge/share/telemetry_bridge/cmake/telemetry_bridge__rosidl_generator_cExport.cmake\n'}
[1.834005] (telemetry_bridge) StdoutLine: {'line': b'-- Installing: /workspace/install/telemetry_bridge/share/telemetry_bridge/cmake/telemetry_bridge__rosidl_generator_cExport-noconfig.cmake\n'}
[1.834148] (telemetry_bridge) StdoutLine: {'line': b'-- Installing: /workspace/install/telemetry_bridge/share/telemetry_bridge/cmake/telemetry_bridge__rosidl_typesupport_introspection_cExport.cmake\n'}
[1.834265] (telemetry_bridge) StdoutLine: {'line': b'-- Installing: /workspace/install/telemetry_bridge/share/telemetry_bridge/cmake/telemetry_bridge__rosidl_typesupport_introspection_cExport-noconfig.cmake\n'}
[1.834401] (telemetry_bridge) StdoutLine: {'line': b'-- Installing: /workspace/install/telemetry_bridge/share/telemetry_bridge/cmake/telemetry_bridge__rosidl_typesupport_cExport.cmake\n'}
[1.834516] (telemetry_bridge) StdoutLine: {'line': b'-- Installing: /workspace/install/telemetry_bridge/share/telemetry_bridge/cmake/telemetry_bridge__rosidl_typesupport_cExport-noconfig.cmake\n'}
[1.834654] (telemetry_bridge) StdoutLine: {'line': b'-- Installing: /workspace/install/telemetry_bridge/share/telemetry_bridge/cmake/telemetry_bridge__rosidl_generator_cppExport.cmake\n'}
[1.834808] (telemetry_bridge) StdoutLine: {'line': b'-- Installing: /workspace/install/telemetry_bridge/share/telemetry_bridge/cmake/telemetry_bridge__rosidl_typesupport_introspection_cppExport.cmake\n'}
[1.834932] (telemetry_bridge) StdoutLine: {'line': b'-- Installing: /workspace/install/telemetry_bridge/share/telemetry_bridge/cmake/telemetry_bridge__rosidl_typesupport_introspection_cppExport-noconfig.cmake\n'}
[1.835065] (telemetry_bridge) StdoutLine: {'line': b'-- Installing: /workspace/install/telemetry_bridge/share/telemetry_bridge/cmake/telemetry_bridge__rosidl_typesupport_cppExport.cmake\n'}
[1.835208] (telemetry_bridge) StdoutLine: {'line': b'-- Installing: /workspace/install/telemetry_bridge/share/telemetry_bridge/cmake/telemetry_bridge__rosidl_typesupport_cppExport-noconfig.cmake\n'}
[1.835302] (telemetry_bridge) StdoutLine: {'line': b'-- Installing: /workspace/install/telemetry_bridge/share/telemetry_bridge/cmake/rosidl_cmake-extras.cmake\n'}
[1.835398] (telemetry_bridge) StdoutLine: {'line': b'-- Installing: /workspace/install/telemetry_bridge/share/telemetry_bridge/cmake/ament_cmake_export_dependencies-extras.cmake\n'}
[1.835505] (telemetry_bridge) StdoutLine: {'line': b'-- Installing: /workspace/install/telemetry_bridge/share/telemetry_bridge/cmake/ament_cmake_export_libraries-extras.cmake\n'}
[1.835612] (telemetry_bridge) StdoutLine: {'line': b'-- Installing: /workspace/install/telemetry_bridge/share/telemetry_bridge/cmake/ament_cmake_export_targets-extras.cmake\n'}
[1.835732] (telemetry_bridge) StdoutLine: {'line': b'-- Installing: /workspace/install/telemetry_bridge/share/telemetry_bridge/cmake/ament_cmake_export_include_directories-extras.cmake\n'}
[1.835842] (telemetry_bridge) StdoutLine: {'line': b'-- Installing: /workspace/install/telemetry_bridge/share/telemetry_bridge/cmake/rosidl_cmake_export_typesupport_libraries-extras.cmake\n'}
[1.835943] (telemetry_bridge) StdoutLine: {'line': b'-- Installing: /workspace/install/telemetry_bridge/share/telemetry_bridge/cmake/rosidl_cmake_export_typesupport_targets-extras.cmake\n'}
[1.836058] (telemetry_bridge) StdoutLine: {'line': b'-- Installing: /workspace/install/telemetry_bridge/share/telemetry_bridge/cmake/telemetry_bridgeConfig.cmake\n'}
[1.836145] (telemetry_bridge) StdoutLine: {'line': b'-- Installing: /workspace/install/telemetry_bridge/share/telemetry_bridge/cmake/telemetry_bridgeConfig-version.cmake\n'}
[1.836254] (telemetry_bridge) StdoutLine: {'line': b'-- Installing: /workspace/install/telemetry_bridge/share/telemetry_bridge/package.xml\n'}
[1.837861] (telemetry_bridge) CommandEnded: {'returncode': 0}
[1.902660] (-) TimerEvent: {}
[1.910948] (telemetry_bridge) JobEnded: {'identifier': 'telemetry_bridge', 'rc': 0}
[1.911291] (-) EventReactorShutdown: {}
