[0.000000] (-) TimerEvent: {}
[0.000064] (telemetry_bridge) JobQueued: {'identifier': 'telemetry_bridge', 'dependencies': OrderedDict()}
[0.000246] (telemetry_bridge) JobStarted: {'identifier': 'telemetry_bridge'}
[0.008060] (telemetry_bridge) JobProgress: {'identifier': 'telemetry_bridge', 'progress': 'cmake'}
[0.008514] (telemetry_bridge) JobProgress: {'identifier': 'telemetry_bridge', 'progress': 'build'}
[0.008891] (telemetry_bridge) Command: {'cmd': ['/usr/bin/cmake', '--build', '/workspace/build/telemetry_bridge', '--', '-j16', '-l16'], 'cwd': '/workspace/build/telemetry_bridge', 'env': OrderedDict([('HOSTNAME', '086786aa42e2'), ('SHLVL', '1'), ('LD_LIBRARY_PATH', '/opt/ros/foxy/opt/yaml_cpp_vendor/lib:/opt/ros/foxy/lib/x86_64-linux-gnu:/opt/ros/foxy/lib'), ('HOME', '/root'), ('OLDPWD', '/workspace'), ('ROS_PYTHON_VERSION', '3'), ('ROS_DISTRO', 'foxy'), ('_', '/usr/bin/colcon'), ('ROS_VERSION', '2'), ('ROS_LOCALHOST_ONLY', '0'), ('PATH', '/opt/ros/foxy/bin:/usr/local/sbin:/usr/local/bin:/usr/sbin:/usr/bin:/sbin:/bin'), ('DOCKER_TEST_RUN', '1'), ('LANG', 'C.UTF-8'), ('AMENT_PREFIX_PATH', '/opt/ros/foxy'), ('PWD', '/workspace/build/telemetry_bridge'), ('LC_ALL', 'C.UTF-8'), ('BUILD_TESTING', 'ON'), ('PYTHONPATH', '/opt/ros/foxy/lib/python3.8/site-packages'), ('COLCON', '1'), ('CMAKE_PREFIX_PATH', '/opt/ros/foxy')]), 'shell': False}
[0.050886] (telemetry_bridge) StdoutLine: {'line': b'[  7%] Built target gtest_main\n'}
[0.051080] (telemetry_bridge) StdoutLine: {'line': b'[  7%] Built target gtest\n'}
[0.051130] (telemetry_bridge) StdoutLine: {'line': b'[  9%] Built target telemetry_bridge__cpp\n'}
[0.052009] (telemetry_bridge) StdoutLine: {'line': b'[ 17%] Built target telemetry_bridge__rosidl_generator_c\n'}
[0.065493] (telemetry_bridge) StdoutLine: {'line': b'[ 21%] Built target latency_test\n'}
[0.066918] (telemetry_bridge) StdoutLine: {'line': b'[ 36%] Built target telemetry_bridge__rosidl_typesupport_introspection_cpp\n'}
[0.066996] (telemetry_bridge) StdoutLine: {'line': b'[ 36%] Built target telemetry_bridge__rosidl_typesupport_cpp\n'}
[0.067101] (telemetry_bridge) StdoutLine: {'line': b'[ 44%] Built target telemetry_bridge__rosidl_typesupport_c\n'}
[0.067402] (telemetry_bridge) StdoutLine: {'line': b'[ 59%] Built target telemetry_bridge__rosidl_typesupport_fastrtps_cpp\n'}
[0.067463] (telemetry_bridge) StdoutLine: {'line': b'[ 59%] Built target telemetry_bridge__rosidl_typesupport_introspection_c\n'}
[0.084757] (telemetry_bridge) StdoutLine: {'line': b'[ 67%] Built target telemetry_bridge__rosidl_typesupport_fastrtps_c\n'}
[0.098600] (telemetry_bridge) StdoutLine: {'line': b'[ 67%] Built target telemetry_bridge\n'}
[0.099833] (-) TimerEvent: {}
[0.113554] (telemetry_bridge) StdoutLine: {'line': b'[ 69%] Built target telemetry_bridge__py\n'}
[0.119176] (telemetry_bridge) StdoutLine: {'line': b'[ 75%] Built target telemetry_bridge_nodes\n'}
[0.129905] (telemetry_bridge) StdoutLine: {'line': b'[ 80%] Built target telemetry_bridge__python\n'}
[0.138658] (telemetry_bridge) StdoutLine: {'line': b'[ 84%] Built target udp_bridge\n'}
[0.142432] (telemetry_bridge) StdoutLine: {'line': b'Scanning dependencies of target monitor_test\n'}
[0.146569] (telemetry_bridge) StdoutLine: {'line': b'[ 96%] Built target telemetry_bridge__rosidl_typesupport_introspection_c__pyext\n'}
[0.146683] (telemetry_bridge) StdoutLine: {'line': b'[ 96%] Built target telemetry_bridge__rosidl_typesupport_fastrtps_c__pyext\n'}
[0.146733] (telemetry_bridge) StdoutLine: {'line': b'[ 96%] Built target telemetry_bridge__rosidl_typesupport_c__pyext\n'}
[0.152512] (telemetry_bridge) StdoutLine: {'line': b'[ 98%] Building CXX object CMakeFiles/monitor_test.dir/workspace/src/tests/monitor_test.cpp.o\n'}
[0.199933] (-) TimerEvent: {}
[0.300102] (-) TimerEvent: {}
[0.400279] (-) TimerEvent: {}
[0.500458] (-) TimerEvent: {}
[0.600637] (-) TimerEvent: {}
[0.700819] (-) TimerEvent: {}
[0.801001] (-) TimerEvent: {}
[0.901170] (-) TimerEvent: {}
[1.001339] (-) TimerEvent: {}
[1.101502] (-) TimerEvent: {}
[1.201655] (-) TimerEvent: {}
[1.301799] (-) TimerEvent: {}
[1.401980] (-) TimerEvent: {}
[1.502143] (-) TimerEvent: {}
[1.592477] (telemetry_bridge) StdoutLine: {'line': b'[100%] Linking CXX executable monitor_test\n'}
[1.602209] (-) TimerEvent: {}
[1.702355] (-) TimerEvent: {}
[1.723518] (telemetry_bridge) StdoutLine: {'line': b'[100%] Built target monitor_test\n'}
[1.731881] (telemetry_bridge) CommandEnded: {'returncode': 0}
[1.784299] (telemetry_bridge) JobProgress: {'identifier': 'telemetry_bridge', 'progress': 'install'}
[1.793647] (telemetry_bridge) Command: {'cmd': ['/usr/bin/cmake', '--install', '/workspace/build/telemetry_bridge'], 'cwd': '/workspace/build/telemetry_bridge', 'env': OrderedDict([('HOSTNAME', '086786aa42e2'), ('SHLVL', '1'), ('LD_LIBRARY_PATH', '/opt/ros/foxy/opt/yaml_cpp_vendor/lib:/opt/ros/foxy/lib/x86_64-linux-gnu:/opt/ros/foxy/lib'), ('HOME', '/root'), ('OLDPWD', '/workspace'), ('ROS_PYTHON_VERSION', '3'), ('ROS_DISTRO', 'foxy'), ('_', '/usr/bin/colcon'), ('ROS_VERSION', '2'), ('ROS_LOCALHOST_ONLY', '0'), ('PATH', '/opt/ros/foxy/bin:/usr/local/sbin:/usr/local/bin:/usr/sbin:/usr/bin:/sbin:/bin'), ('DOCKER_TEST_RUN', '1'), ('LANG', 'C.UTF-8'), ('AMENT_PREFIX_PATH', '/opt/ros/foxy'), ('PWD', '/workspace/build/telemetry_bridge'), ('LC_ALL', 'C.UTF-8'), ('BUILD_TESTING', 'ON'), ('PYTHONPATH', '/opt/ros/foxy/lib/python3.8/site-packages'), ('COLCON', '1'), ('CMAKE_PREFIX_PATH', '/opt/ros/foxy')]), 'shell': False}
[1.801411] (telemetry_bridge) StdoutLine: {'line': b'-- Install configuration: ""\n'}
[1.801786] (telemetry_bridge) StdoutLine: {'line': b'-- Up-to-date: /workspace/install/telemetry_bridge/share/ament_index/resource_index/rosidl_interfaces/telemetry_bridge\n'}
[1.801887] (telemetry_bridge) StdoutLine: {'line': b'-- Up-to-date: /workspace/install/telemetry_bridge/include/telemetry_bridge\n'}
[1.801921] (telemetry_bridge) StdoutLine: {'line': b'-- Up-to-date: /workspace/install/telemetry_bridge/include/telemetry_bridge/msg\n'}
[1.801951] (telemetry_bridge) StdoutLine: {'line': b'-- Up-to-date: /workspace/install/telemetry_bridge/include/telemetry_bridge/msg/rosidl_generator_c__visibility_control.h\n'}
[1.801980] (telemetry_bridge) StdoutLine: {'line': b'-- Up-to-date: /workspace/install/telemetry_bridge/include/telemetry_bridge/msg/telemetry_state.h\n'}
[1.802042] (telemetry_bridge) StdoutLine: {'line': b'-- Up-to-date: /workspace/install/telemetry_bridge/include/telemetry_bridge/msg/detail\n'}
[1.802075] (telemetry_bridge) StdoutLine: {'line': b'-- Up-to-date: /workspace/install/telemetry_bridge/include/telemetry_bridge/msg/detail/latency_stats__type_support.h\n'}
[1.802102] (telemetry_bridge) StdoutLine: {'line': b'-- Up-to-date: /workspace/install/telemetry_bridge/include/telemetry_bridge/msg/detail/telemetry_state__functions.c\n'}
[1.802129] (telemetry_bridge) StdoutLine: {'line': b'-- Up-to-date: /workspace/install/telemetry_bridge/include/telemetry_bridge/msg/detail/latency_stats__struct.h\n'}
[1.802157] (telemetry_bridge) StdoutLine: {'line': b'-- Up-to-date: /workspace/install/telemetry_bridge/include/telemetry_bridge/msg/detail/telemetry_state__struct.h\n'}
[1.802344] (-) TimerEvent: {}
[1.802354] (telemetry_bridge) StdoutLine: {'line': b'-- Up-to-date: /workspace/install/telemetry_bridge/include/telemetry_bridge/msg/detail/telemetry_state__functions.h\n'}
[1.802386] (telemetry_bridge) StdoutLine: {'line': b'-- Up-to-date: /workspace/install/telemetry_bridge/include/telemetry_bridge/msg/detail/latency_stats__functions.h\n'}
[1.802414] (telemetry_bridge) StdoutLine: {'line': b'-- Up-to-date: /workspace/install/telemetry_bridge/include/telemetry_bridge/msg/detail/telemetry_state__type_support.h\n'}
[1.802448] (telemetry_bridge) StdoutLine: {'line': b'-- Up-to-date: /workspace/install/telemetry_bridge/include/telemetry_bridge/msg/detail/latency_stats__functions.c\n'}
[1.802528] (telemetry_bridge) StdoutLine: {'line': b'-- Up-to-date: /workspace/install/telemetry_bridge/include/telemetry_bridge/msg/latency_stats.h\n'}
[1.802557] (telemetry_bridge) StdoutLine: {'line': b'-- Up-to-date: /workspace/install/telemetry_bridge/share/telemetry_bridge/environment/library_path.sh\n'}
[1.802591] (telemetry_bridge) StdoutLine: {'line': b'-- Up-to-date: /workspace/install/telemetry_bridge/share/telemetry_bridge/environment/library_path.dsv\n'}
[1.802618] (telemetry_bridge) StdoutLine: {'line': b'-- Up-to-date: /workspace/install/telemetry_bridge/lib/libtelemetry_bridge__rosidl_generator_c.so\n'}
[1.802676] (telemetry_bridge) StdoutLine: {'line': b'-- Up-to-date: /workspace/install/telemetry_bridge/include/telemetry_bridge\n'}
[1.802796] (telemetry_bridge) StdoutLine: {'line': b'-- Up-to-date: /workspace/install/telemetry_bridge/include/telemetry_bridge/msg\n'}
[1.802866] (telemetry_bridge) StdoutLine: {'line': b'-- Up-to-date: /workspace/install/telemetry_bridge/include/telemetry_bridge/msg/detail\n'}
[1.802894] (telemetry_bridge) StdoutLine: {'line': b'-- Up-to-date: /workspace/install/telemetry_bridge/include/telemetry_bridge/msg/detail/latency_stats__rosidl_typesupport_fastrtps_c.h\n'}
[1.802922] (telemetry_bridge) StdoutLine: {'line': b'-- Up-to-date: /workspace/install/telemetry_bridge/include/telemetry_bridge/msg/detail/telemetry_state__rosidl_typesupport_fastrtps_c.h\n'}
[1.802950] (telemetry_bridge) StdoutLine: {'line': b'-- Up-to-date: /workspace/install/telemetry_bridge/include/telemetry_bridge/msg/rosidl_typesupport_fastrtps_c__visibility_control.h\n'}
[1.802977] (telemetry_bridge) StdoutLine: {'line': b'-- Up-to-date: /workspace/install/telemetry_bridge/lib/libtelemetry_bridge__rosidl_typesupport_fastrtps_c.so\n'}
[1.803024] (telemetry_bridge) StdoutLine: {'line': b'-- Up-to-date: /workspace/install/telemetry_bridge/include/telemetry_bridge\n'}
[1.803051] (telemetry_bridge) StdoutLine: {'line': b'-- Up-to-date: /workspace/install/telemetry_bridge/include/telemetry_bridge/msg\n'}
[1.803082] (telemetry_bridge) StdoutLine: {'line': b'-- Up-to-date: /workspace/install/telemetry_bridge/include/telemetry_bridge/msg/rosidl_typesupport_fastrtps_cpp__visibility_control.h\n'}
[1.803126] (telemetry_bridge) StdoutLine: {'line': b'-- Up-to-date: /workspace/install/telemetry_bridge/include/telemetry_bridge/msg/detail\n'}
[1.803156] (telemetry_bridge) StdoutLine: {'line': b'-- Up-to-date: /workspace/install/telemetry_bridge/include/telemetry_bridge/msg/detail/dds_fastrtps\n'}
[1.803203] (telemetry_bridge) StdoutLine: {'line': b'-- Up-to-date: /workspace/install/telemetry_bridge/include/telemetry_bridge/msg/detail/latency_stats__rosidl_typesupport_fastrtps_cpp.hpp\n'}
[1.803281] (telemetry_bridge) StdoutLine: {'line': b'-- Up-to-date: /workspace/install/telemetry_bridge/include/telemetry_bridge/msg/detail/telemetry_state__rosidl_typesupport_fastrtps_cpp.hpp\n'}
[1.803393] (telemetry_bridge) StdoutLine: {'line': b'-- Up-to-date: /workspace/install/telemetry_bridge/lib/libtelemetry_bridge__rosidl_typesupport_fastrtps_cpp.so\n'}
[1.803436] (telemetry_bridge) StdoutLine: {'line': b'-- Up-to-date: /workspace/install/telemetry_bridge/include/telemetry_bridge\n'}
[1.803482] (telemetry_bridge) StdoutLine: {'line': b'-- Up-to-date: /workspace/install/telemetry_bridge/include/telemetry_bridge/msg\n'}
[1.803523] (telemetry_bridge) StdoutLine: {'line': b'-- Up-to-date: /workspace/install/telemetry_bridge/include/telemetry_bridge/msg/detail\n'}
[1.803584] (telemetry_bridge) StdoutLine: {'line': b'-- Up-to-date: /workspace/install/telemetry_bridge/include/telemetry_bridge/msg/detail/telemetry_state__rosidl_typesupport_introspection_c.h\n'}
[1.803625] (telemetry_bridge) StdoutLine: {'line': b'-- Up-to-date: /workspace/install/telemetry_bridge/include/telemetry_bridge/msg/detail/telemetry_state__type_support.c\n'}
[1.803667] (telemetry_bridge) StdoutLine: {'line': b'-- Up-to-date: /workspace/install/telemetry_bridge/include/telemetry_bridge/msg/detail/latency_stats__rosidl_typesupport_introspection_c.h\n'}
[1.803707] (telemetry_bridge) StdoutLine: {'line': b'-- Up-to-date: /workspace/install/telemetry_bridge/include/telemetry_bridge/msg/detail/latency_stats__type_support.c\n'}
[1.803764] (telemetry_bridge) StdoutLine: {'line': b'-- Up-to-date: /workspace/install/telemetry_bridge/include/telemetry_bridge/msg/rosidl_typesupport_introspection_c__visibility_control.h\n'}
[1.803815] (telemetry_bridge) StdoutLine: {'line': b'-- Up-to-date: /workspace/install/telemetry_bridge/lib/libtelemetry_bridge__rosidl_typesupport_introspection_c.so\n'}
[1.803914] (telemetry_bridge) StdoutLine: {'line': b'-- Up-to-date: /workspace/install/telemetry_bridge/lib/libtelemetry_bridge__rosidl_typesupport_c.so\n'}
[1.804030] (telemetry_bridge) StdoutLine: {'line': b'-- Up-to-date: /workspace/install/telemetry_bridge/include/telemetry_bridge\n'}
[1.804227] (telemetry_bridge) StdoutLine: {'line': b'-- Up-to-date: /workspace/install/telemetry_bridge/include/telemetry_bridge/msg\n'}
[1.804353] (telemetry_bridge) StdoutLine: {'line': b'-- Up-to-date: /workspace/install/telemetry_bridge/include/telemetry_bridge/msg/detail\n'}
[1.804510] (telemetry_bridge) StdoutLine: {'line': b'-- Up-to-date: /workspace/install/telemetry_bridge/include/telemetry_bridge/msg/detail/telemetry_state__traits.hpp\n'}
[1.804580] (telemetry_bridge) StdoutLine: {'line': b'-- Up-to-date: /workspace/install/telemetry_bridge/include/telemetry_bridge/msg/detail/telemetry_state__builder.hpp\n'}
[1.804629] (telemetry_bridge) StdoutLine: {'line': b'-- Up-to-date: /workspace/install/telemetry_bridge/include/telemetry_bridge/msg/detail/latency_stats__struct.hpp\n'}
[1.804675] (telemetry_bridge) StdoutLine: {'line': b'-- Up-to-date: /workspace/install/telemetry_bridge/include/telemetry_bridge/msg/detail/telemetry_state__type_support.hpp\n'}
[1.804751] (telemetry_bridge) StdoutLine: {'line': b'-- Up-to-date: /workspace/install/telemetry_bridge/include/telemetry_bridge/msg/detail/telemetry_state__struct.hpp\n'}
[1.804795] (telemetry_bridge) StdoutLine: {'line': b'-- Up-to-date: /workspace/install/telemetry_bridge/include/telemetry_bridge/msg/detail/latency_stats__type_support.hpp\n'}
[1.804840] (telemetry_bridge) StdoutLine: {'line': b'-- Up-to-date: /workspace/install/telemetry_bridge/include/telemetry_bridge/msg/detail/latency_stats__traits.hpp\n'}
[1.804888] (telemetry_bridge) StdoutLine: {'line': b'-- Up-to-date: /workspace/install/telemetry_bridge/include/telemetry_bridge/msg/detail/latency_stats__builder.hpp\n'}
[1.804938] (telemetry_bridge) StdoutLine: {'line': b'-- Up-to-date: /workspace/install/telemetry_bridge/include/telemetry_bridge/msg/rosidl_generator_cpp__visibility_control.hpp\n'}
[1.804983] (telemetry_bridge) StdoutLine: {'line': b'-- Up-to-date: /workspace/install/telemetry_bridge/include/telemetry_bridge/msg/telemetry_state.hpp\n'}
[1.805056] (telemetry_bridge) StdoutLine: {'line': b'-- Up-to-date: /workspace/install/telemetry_bridge/include/telemetry_bridge/msg/latency_stats.hpp\n'}
[1.805086] (telemetry_bridge) StdoutLine: {'line': b'-- Up-to-date: /workspace/install/telemetry_bridge/include/telemetry_bridge\n'}
[1.805113] (telemetry_bridge) StdoutLine: {'line': b'-- Up-to-date: /workspace/install/telemetry_bridge/include/telemetry_bridge/msg\n'}
[1.805140] (telemetry_bridge) StdoutLine: {'line': b'-- Up-to-date: /workspace/install/telemetry_bridge/include/telemetry_bridge/msg/detail\n'}
[1.805178] (telemetry_bridge) StdoutLine: {'line': b'-- Up-to-date: /workspace/install/telemetry_bridge/include/telemetry_bridge/msg/detail/latency_stats__type_support.cpp\n'}
[1.805259] (telemetry_bridge) StdoutLine: {'line': b'-- Up-to-date: /workspace/install/telemetry_bridge/include/telemetry_bridge/msg/detail/latency_stats__rosidl_typesupport_introspection_cpp.hpp\n'}
[1.805287] (telemetry_bridge) StdoutLine: {'line': b'-- Up-to-date: /workspace/install/telemetry_bridge/include/telemetry_bridge/msg/detail/telemetry_state__type_support.cpp\n'}
[1.805314] (telemetry_bridge) StdoutLine: {'line': b'-- Up-to-date: /workspace/install/telemetry_bridge/include/telemetry_bridge/msg/detail/telemetry_state__rosidl_typesupport_introspection_cpp.hpp\n'}
[1.805342] (telemetry_bridge) StdoutLine: {'line': b'-- Up-to-date: /workspace/install/telemetry_bridge/lib/libtelemetry_bridge__rosidl_typesupport_introspection_cpp.so\n'}
[1.805375] (telemetry_bridge) StdoutLine: {'line': b'-- Up-to-date: /workspace/install/telemetry_bridge/lib/libtelemetry_bridge__rosidl_typesupport_cpp.so\n'}
[1.805404] (telemetry_bridge) StdoutLine: {'line': b'-- Up-to-date: /workspace/install/telemetry_bridge/share/telemetry_bridge/environment/pythonpath.sh\n'}
[1.805432] (telemetry_bridge) StdoutLine: {'line': b'-- Up-to-date: /workspace/install/telemetry_bridge/share/telemetry_bridge/environment/pythonpath.dsv\n'}
[1.805459] (telemetry_bridge) StdoutLine: {'line': b'-- Up-to-date: /workspace/install/telemetry_bridge/lib/python3.8/site-packages/telemetry_bridge/__init__.py\n'}
[1.823768] (telemetry_bridge) StdoutLine: {'line': b'-- Up-to-date: /workspace/install/telemetry_bridge/lib/python3.8/site-packages/telemetry_bridge/msg\n'}
[1.823870] (telemetry_bridge) StdoutLine: {'line': b'-- Up-to-date: /workspace/install/telemetry_bridge/lib/python3.8/site-packages/telemetry_bridge/msg/__init__.py\n'}
[1.823909] (telemetry_bridge) StdoutLine: {'line': b'-- Up-to-date: /workspace/install/telemetry_bridge/lib/python3.8/site-packages/telemetry_bridge/msg/_latency_stats_s.c\n'}
[1.823940] (telemetry_bridge) StdoutLine: {'line': b'-- Up-to-date: /workspace/install/telemetry_bridge/lib/python3.8/site-packages/telemetry_bridge/msg/_telemetry_state_s.c\n'}
[1.823971] (telemetry_bridge) StdoutLine: {'line': b'-- Up-to-date: /workspace/install/telemetry_bridge/lib/python3.8/site-packages/telemetry_bridge/msg/_telemetry_state.py\n'}
[1.824000] (telemetry_bridge) StdoutLine: {'line': b'-- Up-to-date: /workspace/install/telemetry_bridge/lib/python3.8/site-packages/telemetry_bridge/msg/_latency_stats.py\n'}
[1.824084] (telemetry_bridge) StdoutLine: {'line': b'-- Up-to-date: /workspace/install/telemetry_bridge/lib/python3.8/site-packages/telemetry_bridge/telemetry_bridge_s__rosidl_typesupport_fastrtps_c.cpython-38-x86_64-linux-gnu.so\n'}
[1.824627] (telemetry_bridge) StdoutLine: {'line': b'-- Up-to-date: /workspace/install/telemetry_bridge/lib/python3.8/site-packages/telemetry_bridge/telemetry_bridge_s__rosidl_typesupport_introspection_c.cpython-38-x86_64-linux-gnu.so\n'}
[1.825131] (telemetry_bridge) StdoutLine: {'line': b'-- Up-to-date: /workspace/install/telemetry_bridge/lib/python3.8/site-packages/telemetry_bridge/telemetry_bridge_s__rosidl_typesupport_c.cpython-38-x86_64-linux-gnu.so\n'}
[1.825593] (telemetry_bridge) StdoutLine: {'line': b'-- Up-to-date: /workspace/install/telemetry_bridge/lib/libtelemetry_bridge__python.so\n'}
[1.825731] (telemetry_bridge) StdoutLine: {'line': b'-- Up-to-date: /workspace/install/telemetry_bridge/share/telemetry_bridge/msg/TelemetryState.idl\n'}
[1.825858] (telemetry_bridge) StdoutLine: {'line': b'-- Up-to-date: /workspace/install/telemetry_bridge/share/telemetry_bridge/msg/LatencyStats.idl\n'}
[1.825921] (telemetry_bridge) StdoutLine: {'line': b'-- Up-to-date: /workspace/install/telemetry_bridge/share/telemetry_bridge/msg/TelemetryState.msg\n'}
[1.825963] (telemetry_bridge) StdoutLine: {'line': b'-- Up-to-date: /workspace/install/telemetry_bridge/share/telemetry_bridge/msg/LatencyStats.msg\n'}
[1.826022] (telemetry_bridge) StdoutLine: {'line': b'-- Up-to-date: /workspace/install/telemetry_bridge/lib/telemetry_bridge/udp_bridge\n'}
[1.826163] (telemetry_bridge) StdoutLine: {'line': b'-- Up-to-date: /workspace/install/telemetry_bridge/share/telemetry_bridge/launch\n'}
[1.826257] (telemetry_bridge) StdoutLine: {'line': b'-- Up-to-date: /workspace/install/telemetry_bridge/share/telemetry_bridge/launch/bridge_launch.py\n'}
[1.826302] (telemetry_bridge) StdoutLine: {'line': b'-- Up-to-date: /workspace/install/telemetry_bridge/share/telemetry_bridge/config\n'}
[1.826367] (telemetry_bridge) StdoutLine: {'line': b'-- Up-to-date: /workspace/install/telemetry_bridge/share/telemetry_bridge/config/bridge_params.yaml\n'}
[1.826443] (telemetry_bridge) StdoutLine: {'line': b'-- Up-to-date: /workspace/install/telemetry_bridge/share/ament_index/resource_index/package_run_dependencies/telemetry_bridge\n'}
[1.826518] (telemetry_bridge) StdoutLine: {'line': b'-- Up-to-date: /workspace/install/telemetry_bridge/share/ament_index/resource_index/parent_prefix_path/telemetry_bridge\n'}
[1.826589] (telemetry_bridge) StdoutLine: {'line': b'-- Up-to-date: /workspace/install/telemetry_bridge/share/telemetry_bridge/environment/ament_prefix_path.sh\n'}
[1.826660] (telemetry_bridge) StdoutLine: {'line': b'-- Up-to-date: /workspace/install/telemetry_bridge/share/telemetry_bridge/environment/ament_prefix_path.dsv\n'}
[1.826707] (telemetry_bridge) StdoutLine: {'line': b'-- Up-to-date: /workspace/install/telemetry_bridge/share/telemetry_bridge/environment/path.sh\n'}
[1.826742] (telemetry_bridge) StdoutLine: {'line': b'-- Up-to-date: /workspace/install/telemetry_bridge/share/telemetry_bridge/environment/path.dsv\n'}
[1.826775] (telemetry_bridge) StdoutLine: {'line': b'-- Up-to-date: /workspace/install/telemetry_bridge/share/telemetry_bridge/local_setup.bash\n'}
[1.826807] (telemetry_bridge) StdoutLine: {'line': b'-- Up-to-date: /workspace/install/telemetry_bridge/share/telemetry_bridge/local_setup.sh\n'}
[1.826838] (telemetry_bridge) StdoutLine: {'line': b'-- Up-to-date: /workspace/install/telemetry_bridge/share/telemetry_bridge/local_setup.zsh\n'}
[1.826888] (telemetry_bridge) StdoutLine: {'line': b'-- Up-to-date: /workspace/install/telemetry_bridge/share/telemetry_bridge/local_setup.dsv\n'}
[1.826922] (telemetry_bridge) StdoutLine: {'line': b'-- Installing: /workspace/install/telemetry_bridge/share/telemetry_bridge/package.dsv\n'}
[1.826974] (telemetry_bridge) StdoutLine: {'line': b'-- Up-to-date: /workspace/install/telemetry_bridge/share/ament_index/resource_index/packages/telemetry_bridge\n'}
[1.827023] (telemetry_bridge) StdoutLine: {'line': b'-- Up-to-date: /workspace/install/telemetry_bridge/share/telemetry_bridge/cmake/telemetry_bridge__rosidl_generator_cExport.cmake\n'}
[1.827056] (telemetry_bridge) StdoutLine: {'line': b'-- Up-to-date: /workspace/install/telemetry_bridge/share/telemetry_bridge/cmake/telemetry_bridge__rosidl_generator_cExport-noconfig.cmake\n'}
[1.827138] (telemetry_bridge) StdoutLine: {'line': b'-- Up-to-date: /workspace/install/telemetry_bridge/share/telemetry_bridge/cmake/telemetry_bridge__rosidl_typesupport_introspection_cExport.cmake\n'}
[1.827198] (telemetry_bridge) StdoutLine: {'line': b'-- Up-to-date: /workspace/install/telemetry_bridge/share/telemetry_bridge/cmake/telemetry_bridge__rosidl_typesupport_introspection_cExport-noconfig.cmake\n'}
[1.827291] (telemetry_bridge) StdoutLine: {'line': b'-- Up-to-date: /workspace/install/telemetry_bridge/share/telemetry_bridge/cmake/telemetry_bridge__rosidl_typesupport_cExport.cmake\n'}
[1.827378] (telemetry_bridge) StdoutLine: {'line': b'-- Up-to-date: /workspace/install/telemetry_bridge/share/telemetry_bridge/cmake/telemetry_bridge__rosidl_typesupport_cExport-noconfig.cmake\n'}
[1.827440] (telemetry_bridge) StdoutLine: {'line': b'-- Up-to-date: /workspace/install/telemetry_bridge/share/telemetry_bridge/cmake/telemetry_bridge__rosidl_generator_cppExport.cmake\n'}
[1.827546] (telemetry_bridge) StdoutLine: {'line': b'-- Up-to-date: /workspace/install/telemetry_bridge/share/telemetry_bridge/cmake/telemetry_bridge__rosidl_typesupport_introspection_cppExport.cmake\n'}
[1.827604] (telemetry_bridge) StdoutLine: {'line': b'-- Up-to-date: /workspace/install/telemetry_bridge/share/telemetry_bridge/cmake/telemetry_bridge__rosidl_typesupport_introspection_cppExport-noconfig.cmake\n'}
[1.827691] (telemetry_bridge) StdoutLine: {'line': b'-- Up-to-date: /workspace/install/telemetry_bridge/share/telemetry_bridge/cmake/telemetry_bridge__rosidl_typesupport_cppExport.cmake\n'}
[1.827743] (telemetry_bridge) StdoutLine: {'line': b'-- Up-to-date: /workspace/install/telemetry_bridge/share/telemetry_bridge/cmake/telemetry_bridge__rosidl_typesupport_cppExport-noconfig.cmake\n'}
[1.827810] (telemetry_bridge) StdoutLine: {'line': b'-- Up-to-date: /workspace/install/telemetry_bridge/share/telemetry_bridge/cmake/rosidl_cmake-extras.cmake\n'}
[1.827874] (telemetry_bridge) StdoutLine: {'line': b'-- Up-to-date: /workspace/install/telemetry_bridge/share/telemetry_bridge/cmake/ament_cmake_export_dependencies-extras.cmake\n'}
[1.827940] (telemetry_bridge) StdoutLine: {'line': b'-- Up-to-date: /workspace/install/telemetry_bridge/share/telemetry_bridge/cmake/ament_cmake_export_libraries-extras.cmake\n'}
[1.828000] (telemetry_bridge) StdoutLine: {'line': b'-- Up-to-date: /workspace/install/telemetry_bridge/share/telemetry_bridge/cmake/ament_cmake_export_targets-extras.cmake\n'}
[1.828077] (telemetry_bridge) StdoutLine: {'line': b'-- Up-to-date: /workspace/install/telemetry_bridge/share/telemetry_bridge/cmake/ament_cmake_export_include_directories-extras.cmake\n'}
[1.828125] (telemetry_bridge) StdoutLine: {'line': b'-- Up-to-date: /workspace/install/telemetry_bridge/share/telemetry_bridge/cmake/rosidl_cmake_export_typesupport_libraries-extras.cmake\n'}
[1.828152] (telemetry_bridge) StdoutLine: {'line': b'-- Up-to-date: /workspace/install/telemetry_bridge/share/telemetry_bridge/cmake/rosidl_cmake_export_typesupport_targets-extras.cmake\n'}
[1.828178] (telemetry_bridge) StdoutLine: {'line': b'-- Up-to-date: /workspace/install/telemetry_bridge/share/telemetry_bridge/cmake/telemetry_bridgeConfig.cmake\n'}
[1.828205] (telemetry_bridge) StdoutLine: {'line': b'-- Up-to-date: /workspace/install/telemetry_bridge/share/telemetry_bridge/cmake/telemetry_bridgeConfig-version.cmake\n'}
[1.828236] (telemetry_bridge) StdoutLine: {'line': b'-- Up-to-date: /workspace/install/telemetry_bridge/share/telemetry_bridge/package.xml\n'}
[1.829717] (telemetry_bridge) CommandEnded: {'returncode': 0}
[1.902450] (-) TimerEvent: {}
[1.904198] (telemetry_bridge) JobEnded: {'identifier': 'telemetry_bridge', 'rc': 0}
[1.904574] (-) EventReactorShutdown: {}
