[0.010s] Invoking command in '/workspace/build/telemetry_bridge': CMAKE_PREFIX_PATH=/opt/ros/foxy /usr/bin/cmake --build /workspace/build/telemetry_bridge -- -j16 -l16
[0.053s] [  7%] Built target gtest_main
[0.053s] [  7%] Built target gtest
[0.053s] [  9%] Built target telemetry_bridge__cpp
[0.054s] [ 17%] Built target telemetry_bridge__rosidl_generator_c
[0.067s] [ 21%] Built target latency_test
[0.067s] [ 28%] Built target telemetry_bridge__rosidl_typesupport_cpp
[0.068s] [ 36%] Built target telemetry_bridge__rosidl_typesupport_introspection_cpp
[0.068s] [ 44%] Built target telemetry_bridge__rosidl_typesupport_fastrtps_cpp
[0.069s] [ 51%] Built target telemetry_bridge__rosidl_typesupport_c
[0.069s] [ 59%] Built target telemetry_bridge__rosidl_typesupport_introspection_c
[0.085s] [ 67%] Built target telemetry_bridge__rosidl_typesupport_fastrtps_c
[0.099s] [ 67%] Built target telemetry_bridge
[0.114s] [ 69%] Built target telemetry_bridge__py
[0.121s] Scanning dependencies of target telemetry_bridge_nodes
[0.131s] [ 75%] Built target telemetry_bridge__python
[0.132s] [ 76%] Building CXX object CMakeFiles/telemetry_bridge_nodes.dir/workspace/src/UdpBridgeNode.cpp.o
[0.148s] [ 88%] Built target telemetry_bridge__rosidl_typesupport_introspection_c__pyext
[0.148s] [ 88%] Built target telemetry_bridge__rosidl_typesupport_c__pyext
[0.148s] [ 88%] Built target telemetry_bridge__rosidl_typesupport_fastrtps_c__pyext
[2.690s] [ 90%] Linking CXX shared library libtelemetry_bridge_nodes.so
[2.913s] [ 92%] Built target telemetry_bridge_nodes
[2.920s] Scanning dependencies of target monitor_test
[2.927s] [ 94%] Building CXX object CMakeFiles/monitor_test.dir/workspace/src/tests/monitor_test.cpp.o
[2.933s] /workspace/src/tests/monitor_test.cpp:1:5: error: expected constructor, destructor, or type conversion before ‘(’ token
[2.933s]     1 | TEST(StateMonitorTest, DetectsGapsAndStalePackets)
[2.933s]       |     ^
[2.934s] make[2]: *** [CMakeFiles/monitor_test.dir/build.make:63: CMakeFiles/monitor_test.dir/workspace/src/tests/monitor_test.cpp.o] Error 1
[2.934s] make[1]: *** [CMakeFiles/Makefile2:184: CMakeFiles/monitor_test.dir/all] Error 2
[2.934s] make[1]: *** Waiting for unfinished jobs....
[2.937s] Scanning dependencies of target udp_bridge
[2.949s] [ 96%] Building CXX object CMakeFiles/udp_bridge.dir/workspace/src/main.cpp.o
[3.895s] [ 98%] Linking CXX executable udp_bridge
[3.984s] [ 98%] Built target udp_bridge
[3.985s] make: *** [Makefile:141: all] Error 2
[3.986s] Invoked command in '/workspace/build/telemetry_bridge' returned '2': CMAKE_PREFIX_PATH=/opt/ros/foxy /usr/bin/cmake --build /workspace/build/telemetry_bridge -- -j16 -l16
