[0.000000] (-) TimerEvent: {}
[0.000042] (telemetry_bridge) JobQueued: {'identifier': 'telemetry_bridge', 'dependencies': OrderedDict()}
[0.000435] (telemetry_bridge) JobStarted: {'identifier': 'telemetry_bridge'}
[0.014178] (telemetry_bridge) JobProgress: {'identifier': 'telemetry_bridge', 'progress': 'cmake'}
[0.014416] (telemetry_bridge) Command: {'cmd': ['/usr/bin/cmake', '/workspace/src/telemetry_bridge', '-DBUILD_TESTING=ON', '-DCMAKE_INSTALL_PREFIX=/workspace/install/telemetry_bridge'], 'cwd': '/workspace/build/telemetry_bridge', 'env': OrderedDict([('HOSTNAME', '8f3997f66a3b'), ('SHLVL', '1'), ('LD_LIBRARY_PATH', '/opt/ros/foxy/opt/yaml_cpp_vendor/lib:/opt/ros/foxy/lib/x86_64-linux-gnu:/opt/ros/foxy/lib'), ('HOME', '/root'), ('OLDPWD', '/workspace'), ('ROS_PYTHON_VERSION', '3'), ('ROS_DISTRO', 'foxy'), ('_', '/usr/bin/colcon'), ('ROS_VERSION', '2'), ('ROS_LOCALHOST_ONLY', '0'), ('PATH', '/opt/ros/foxy/bin:/usr/local/sbin:/usr/local/bin:/usr/sbin:/usr/bin:/sbin:/bin'), ('DOCKER_TEST_RUN', '1'), ('LANG', 'C.UTF-8'), ('AMENT_PREFIX_PATH', '/opt/ros/foxy'), ('PWD', '/workspace/build/telemetry_bridge'), ('LC_ALL', 'C.UTF-8'), ('BUILD_TESTING', 'ON'), ('PYTHONPATH', '/opt/ros/foxy/lib/python3.8/site-packages'), ('COLCON', '1'), ('CMAKE_PREFIX_PATH', '/opt/ros/foxy')]), 'shell': False}
[0.099913] (-) TimerEvent: {}
[0.165142] (telemetry_bridge) StdoutLine: {'line': b'-- The C compiler identification is GNU 9.4.0\n'}
[0.200007] (-) TimerEvent: {}
[0.252684] (telemetry_bridge) StdoutLine: {'line': b'-- The CXX compiler identification is GNU 9.4.0\n'}
[0.257629] (telemetry_bridge) StdoutLine: {'line': b'-- Check for working C compiler: /usr/bin/cc\n'}
[0.300098] (-) TimerEvent: {}
[0.312349] (telemetry_bridge) StdoutLine: {'line': b'-- Check for working C compiler: /usr/bin/cc -- works\n'}
[0.313272] (telemetry_bridge) StdoutLine: {'line': b'-- Detecting C compiler ABI info\n'}
[0.363887] (telemetry_bridge) StdoutLine: {'line': b'-- Detecting C compiler ABI info - done\n'}
[0.369400] (telemetry_bridge) StdoutLine: {'line': b'-- Detecting C compile features\n'}
[0.369794] (telemetry_bridge) StdoutLine: {'line': b'-- Detecting C compile features - done\n'}
[0.371754] (telemetry_bridge) StdoutLine: {'line': b'-- Check for working CXX compiler: /usr/bin/c++\n'}
[0.400185] (-) TimerEvent: {}
[0.428410] (telemetry_bridge) StdoutLine: {'line': b'-- Check for working CXX compiler: /usr/bin/c++ -- works\n'}
[0.429060] (telemetry_bridge) StdoutLine: {'line': b'-- Detecting CXX compiler ABI info\n'}
[0.485027] (telemetry_bridge) StdoutLine: {'line': b'-- Detecting CXX compiler ABI info - done\n'}
[0.490762] (telemetry_bridge) StdoutLine: {'line': b'-- Detecting CXX compile features\n'}
[0.490974] (telemetry_bridge) StdoutLine: {'line': b'-- Detecting CXX compile features - done\n'}
[0.495266] (telemetry_bridge) StdoutLine: {'line': b'-- Found ament_cmake: 0.9.12 (/opt/ros/foxy/share/ament_cmake/cmake)\n'}
[0.500237] (-) TimerEvent: {}
[0.509297] (telemetry_bridge) StdoutLine: {'line': b'-- Found PythonInterp: /usr/bin/python3 (found suitable version "3.8.10", minimum required is "3") \n'}
[0.509398] (telemetry_bridge) StdoutLine: {'line': b'-- Using PYTHON_EXECUTABLE: /usr/bin/python3\n'}
[0.594390] (telemetry_bridge) StdoutLine: {'line': b'-- Found rclcpp: 2.4.3 (/opt/ros/foxy/share/rclcpp/cmake)\n'}
[0.600303] (-) TimerEvent: {}
[0.622982] (telemetry_bridge) StdoutLine: {'line': b'-- Using all available rosidl_typesupport_c: rosidl_typesupport_fastrtps_c;rosidl_typesupport_introspection_c\n'}
[0.627970] (telemetry_bridge) StdoutLine: {'line': b'-- Found rosidl_adapter: 1.3.1 (/opt/ros/foxy/share/rosidl_adapter/cmake)\n'}
[0.680443] (telemetry_bridge) StdoutLine: {'line': b'-- Found OpenSSL: /usr/lib/x86_64-linux-gnu/libcrypto.so (found version "1.1.1f")  \n'}
[0.691612] (telemetry_bridge) StdoutLine: {'line': b'-- Found FastRTPS: /opt/ros/foxy/include  \n'}
[0.700375] (-) TimerEvent: {}
[0.734292] (telemetry_bridge) StdoutLine: {'line': b'-- Using all available rosidl_typesupport_cpp: rosidl_typesupport_fastrtps_cpp;rosidl_typesupport_introspection_cpp\n'}
[0.769797] (telemetry_bridge) StdoutLine: {'line': b'-- Found rmw_implementation_cmake: 1.0.4 (/opt/ros/foxy/share/rmw_implementation_cmake/cmake)\n'}
[0.771064] (telemetry_bridge) StdoutLine: {'line': b"-- Using RMW implementation 'rmw_fastrtps_cpp' as default\n"}
[0.772144] (telemetry_bridge) StdoutLine: {'line': b'-- Looking for pthread.h\n'}
[0.800471] (-) TimerEvent: {}
[0.828628] (telemetry_bridge) StdoutLine: {'line': b'-- Looking for pthread.h - found\n'}
[0.828832] (telemetry_bridge) StdoutLine: {'line': b'-- Performing Test CMAKE_HAVE_LIBC_PTHREAD\n'}
[0.882270] (telemetry_bridge) StdoutLine: {'line': b'-- Performing Test CMAKE_HAVE_LIBC_PTHREAD - Failed\n'}
[0.882441] (telemetry_bridge) StdoutLine: {'line': b'-- Looking for pthread_create in pthreads\n'}
[0.900561] (-) TimerEvent: {}
[0.926853] (telemetry_bridge) StdoutLine: {'line': b'-- Looking for pthread_create in pthreads - not found\n'}
[0.926981] (telemetry_bridge) StdoutLine: {'line': b'-- Looking for pthread_create in pthread\n'}
[0.976582] (telemetry_bridge) StdoutLine: {'line': b'-- Looking for pthread_create in pthread - found\n'}
[0.977318] (telemetry_bridge) StdoutLine: {'line': b'-- Found Threads: TRUE  \n'}
[1.000632] (-) TimerEvent: {}
[1.063087] (telemetry_bridge) StdoutLine: {'line': b'-- Found rosidl_default_generators: 1.0.1 (/opt/ros/foxy/share/rosidl_default_generators/cmake)\n'}
[1.070580] (telemetry_bridge) StdoutLine: {'line': b'-- Found ament_cmake_gtest: 0.9.12 (/opt/ros/foxy/share/ament_cmake_gtest/cmake)\n'}
[1.080848] (telemetry_bridge) StdoutLine: {'line': b'-- Found PythonInterp: /usr/bin/python3 (found version "3.8.10") \n'}
[1.100711] (-) TimerEvent: {}
[1.168314] (telemetry_bridge) StdoutLine: {'line': b'-- Found ament_cmake_ros: 0.9.2 (/opt/ros/foxy/share/ament_cmake_ros/cmake)\n'}
[1.200799] (-) TimerEvent: {}
[1.251712] (telemetry_bridge) StdoutLine: {'line': b'-- Using all available rosidl_typesupport_c: rosidl_typesupport_fastrtps_c;rosidl_typesupport_introspection_c\n'}
[1.284210] (telemetry_bridge) StdoutLine: {'line': b'-- Using all available rosidl_typesupport_cpp: rosidl_typesupport_fastrtps_cpp;rosidl_typesupport_introspection_cpp\n'}
[1.295320] (telemetry_bridge) StdoutLine: {'line': b'-- Found PythonInterp: /usr/bin/python3 (found suitable version "3.8.10", minimum required is "3.5") \n'}
[1.297102] (telemetry_bridge) StdoutLine: {'line': b'-- Found python_cmake_module: 0.8.1 (/opt/ros/foxy/share/python_cmake_module/cmake)\n'}
[1.300854] (-) TimerEvent: {}
[1.309771] (telemetry_bridge) StdoutLine: {'line': b'-- Found PythonLibs: /usr/lib/x86_64-linux-gnu/libpython3.8.so (found suitable version "3.8.10", minimum required is "3.5") \n'}
[1.309902] (telemetry_bridge) StdoutLine: {'line': b'-- Using PYTHON_EXECUTABLE: /usr/bin/python3\n'}
[1.309948] (telemetry_bridge) StdoutLine: {'line': b'-- Using PYTHON_INCLUDE_DIRS: /usr/include/python3.8\n'}
[1.309990] (telemetry_bridge) StdoutLine: {'line': b'-- Using PYTHON_LIBRARIES: /usr/lib/x86_64-linux-gnu/libpython3.8.so\n'}
[1.318851] (telemetry_bridge) StdoutLine: {'line': b'-- Found PythonExtra: .so  \n'}
[1.355596] (telemetry_bridge) StdoutLine: {'line': b"-- Found gtest sources under '/opt/ros/foxy/src/gtest_vendor': C++ tests using 'Google Test' will be built\n"}
[1.357336] (telemetry_bridge) StdoutLine: {'line': b'-- Check if compiler accepts -pthread\n'}
[1.400958] (-) TimerEvent: {}
[1.411125] (telemetry_bridge) StdoutLine: {'line': b'-- Check if compiler accepts -pthread - yes\n'}
[1.423402] (telemetry_bridge) StdoutLine: {'line': b'-- Configuring done\n'}
[1.470320] (telemetry_bridge) StdoutLine: {'line': b'-- Generating done\n'}
[1.472481] (telemetry_bridge) StdoutLine: {'line': b'-- Build files have been written to: /workspace/build/telemetry_bridge\n'}
[1.478236] (telemetry_bridge) CommandEnded: {'returncode': 0}
[1.478647] (telemetry_bridge) JobProgress: {'identifier': 'telemetry_bridge', 'progress': 'build'}
[1.479126] (telemetry_bridge) Command: {'cmd': ['/usr/bin/cmake', '--build', '/workspace/build/telemetry_bridge', '--', '-j16', '-l16'], 'cwd': '/workspace/build/telemetry_bridge', 'env': OrderedDict([('HOSTNAME', '8f3997f66a3b'), ('SHLVL', '1'), ('LD_LIBRARY_PATH', '/opt/ros/foxy/opt/yaml_cpp_vendor/lib:/opt/ros/foxy/lib/x86_64-linux-gnu:/opt/ros/foxy/lib'), ('HOME', '/root'), ('OLDPWD', '/workspace'), ('ROS_PYTHON_VERSION', '3'), ('ROS_DISTRO', 'foxy'), ('_', '/usr/bin/colcon'), ('ROS_VERSION', '2'), ('ROS_LOCALHOST_ONLY', '0'), ('PATH', '/opt/ros/foxy/bin:/usr/local/sbin:/usr/local/bin:/usr/sbin:/usr/bin:/sbin:/bin'), ('DOCKER_TEST_RUN', '1'), ('LANG', 'C.UTF-8'), ('AMENT_PREFIX_PATH', '/opt/ros/foxy'), ('PWD', '/workspace/build/telemetry_bridge'), ('LC_ALL', 'C.UTF-8'), ('BUILD_TESTING', 'ON'), ('PYTHONPATH', '/opt/ros/foxy/lib/python3.8/site-packages'), ('COLCON', '1'), ('CMAKE_PREFIX_PATH', '/opt/ros/foxy')]), 'shell': False}
[1.501043] (-) TimerEvent: {}
[1.511955] (telemetry_bridge) StdoutLine: {'line': b'[  1%] Generating C code for ROS interfaces\n'}
[1.512186] (telemetry_bridge) StdoutLine: {'line': b'Scanning dependencies of target telemetry_bridge__cpp\n'}
[1.519699] (telemetry_bridge) StdoutLine: {'line': b'Scanning dependencies of target gtest_main\n'}
[1.519832] (telemetry_bridge) StdoutLine: {'line': b'[  3%] Generating C++ code for ROS interfaces\n'}
[1.520112] (telemetry_bridge) StdoutLine: {'line': b'Scanning dependencies of target gtest\n'}
[1.527739] (telemetry_bridge) StdoutLine: {'line': b'[  5%] Building CXX object gtest/CMakeFiles/gtest.dir/src/gtest-all.cc.o\n'}
[1.527888] (telemetry_bridge) StdoutLine: {'line': b'[  7%] Building CXX object gtest/CMakeFiles/gtest_main.dir/src/gtest_main.cc.o\n'}
[1.601123] (-) TimerEvent: {}
[1.691731] (telemetry_bridge) StdoutLine: {'line': b'[  7%] Built target telemetry_bridge__cpp\n'}
[1.700788] (telemetry_bridge) StdoutLine: {'line': b'[ 11%] Generating C++ type support dispatch for ROS interfaces\n'}
[1.700958] (telemetry_bridge) StdoutLine: {'line': b'[ 11%] Generating C++ type support for eProsima Fast-RTPS\n'}
[1.701184] (-) TimerEvent: {}
[1.701562] (telemetry_bridge) StdoutLine: {'line': b'[ 13%] Generating C++ introspection for ROS interfaces\n'}
[1.709884] (telemetry_bridge) StdoutLine: {'line': b'Scanning dependencies of target telemetry_bridge__rosidl_generator_c\n'}
[1.719391] (telemetry_bridge) StdoutLine: {'line': b'[ 17%] Building C object CMakeFiles/telemetry_bridge__rosidl_generator_c.dir/rosidl_generator_c/telemetry_bridge/msg/detail/latency_stats__functions.c.o\n'}
[1.719530] (telemetry_bridge) StdoutLine: {'line': b'[ 17%] Building C object CMakeFiles/telemetry_bridge__rosidl_generator_c.dir/rosidl_generator_c/telemetry_bridge/msg/detail/telemetry_state__functions.c.o\n'}
[1.753781] (telemetry_bridge) StdoutLine: {'line': b'[ 19%] Linking C shared library libtelemetry_bridge__rosidl_generator_c.so\n'}
[1.788932] (telemetry_bridge) StdoutLine: {'line': b'[ 19%] Built target telemetry_bridge__rosidl_generator_c\n'}
[1.797045] (telemetry_bridge) StdoutLine: {'line': b'[ 23%] Generating C introspection for ROS interfaces\n'}
[1.797189] (telemetry_bridge) StdoutLine: {'line': b'[ 23%] Generating C type support dispatch for ROS interfaces\n'}
[1.801260] (-) TimerEvent: {}
[1.860866] (telemetry_bridge) StdoutLine: {'line': b'Scanning dependencies of target telemetry_bridge__rosidl_typesupport_cpp\n'}
[1.866434] (telemetry_bridge) StdoutLine: {'line': b'Scanning dependencies of target telemetry_bridge__rosidl_typesupport_introspection_cpp\n'}
[1.870051] (telemetry_bridge) StdoutLine: {'line': b'[ 26%] Building CXX object CMakeFiles/telemetry_bridge__rosidl_typesupport_cpp.dir/rosidl_typesupport_cpp/telemetry_bridge/msg/latency_stats__type_support.cpp.o\n'}
[1.870188] (telemetry_bridge) StdoutLine: {'line': b'[ 26%] Building CXX object CMakeFiles/telemetry_bridge__rosidl_typesupport_cpp.dir/rosidl_typesupport_cpp/telemetry_bridge/msg/telemetry_state__type_support.cpp.o\n'}
[1.876505] (telemetry_bridge) StdoutLine: {'line': b'[ 28%] Building CXX object CMakeFiles/telemetry_bridge__rosidl_typesupport_introspection_cpp.dir/rosidl_typesupport_introspection_cpp/telemetry_bridge/msg/detail/telemetry_state__type_support.cpp.o\n'}
[1.877019] (telemetry_bridge) StdoutLine: {'line': b'[ 30%] Building CXX object CMakeFiles/telemetry_bridge__rosidl_typesupport_introspection_cpp.dir/rosidl_typesupport_introspection_cpp/telemetry_bridge/msg/detail/latency_stats__type_support.cpp.o\n'}
[1.888086] (telemetry_bridge) StdoutLine: {'line': b'Scanning dependencies of target telemetry_bridge__rosidl_typesupport_fastrtps_cpp\n'}
[1.899364] (telemetry_bridge) StdoutLine: {'line': b'[ 34%] Building CXX object CMakeFiles/telemetry_bridge__rosidl_typesupport_fastrtps_cpp.dir/rosidl_typesupport_fastrtps_cpp/telemetry_bridge/msg/detail/dds_fastrtps/telemetry_state__type_support.cpp.o\n'}
[1.899526] (telemetry_bridge) StdoutLine: {'line': b'[ 34%] Building CXX object CMakeFiles/telemetry_bridge__rosidl_typesupport_fastrtps_cpp.dir/rosidl_typesupport_fastrtps_cpp/telemetry_bridge/msg/detail/dds_fastrtps/latency_stats__type_support.cpp.o\n'}
[1.902336] (-) TimerEvent: {}
[1.987885] (telemetry_bridge) StdoutLine: {'line': b'Scanning dependencies of target telemetry_bridge__rosidl_typesupport_introspection_c\n'}
[2.000245] (telemetry_bridge) StdoutLine: {'line': b'[ 36%] Building C object CMakeFiles/telemetry_bridge__rosidl_typesupport_introspection_c.dir/rosidl_typesupport_introspection_c/telemetry_bridge/msg/detail/latency_stats__type_support.c.o\n'}
[2.000450] (telemetry_bridge) StdoutLine: {'line': b'[ 38%] Building C object CMakeFiles/telemetry_bridge__rosidl_typesupport_introspection_c.dir/rosidl_typesupport_introspection_c/telemetry_bridge/msg/detail/telemetry_state__type_support.c.o\n'}
[2.002414] (-) TimerEvent: {}
[2.005047] (telemetry_bridge) StdoutLine: {'line': b'Scanning dependencies of target telemetry_bridge__rosidl_typesupport_c\n'}
[2.018145] (telemetry_bridge) StdoutLine: {'line': b'[ 42%] Building CXX object CMakeFiles/telemetry_bridge__rosidl_typesupport_c.dir/rosidl_typesupport_c/telemetry_bridge/msg/telemetry_state__type_support.cpp.o\n'}
[2.018325] (telemetry_bridge) StdoutLine: {'line': b'[ 42%] Building CXX object CMakeFiles/telemetry_bridge__rosidl_typesupport_c.dir/rosidl_typesupport_c/telemetry_bridge/msg/latency_stats__type_support.cpp.o\n'}
[2.031581] (telemetry_bridge) StdoutLine: {'line': b'[ 44%] Linking C shared library libtelemetry_bridge__rosidl_typesupport_introspection_c.so\n'}
[2.049020] (telemetry_bridge) StdoutLine: {'line': b'[ 46%] Linking CXX shared library libtelemetry_bridge__rosidl_typesupport_c.so\n'}
[2.052182] (telemetry_bridge) StdoutLine: {'line': b'[ 48%] Linking CXX shared library libtelemetry_bridge__rosidl_typesupport_introspection_cpp.so\n'}
[2.059674] (telemetry_bridge) StdoutLine: {'line': b'[ 48%] Built target telemetry_bridge__rosidl_typesupport_introspection_c\n'}
[2.082189] (telemetry_bridge) StdoutLine: {'line': b'[ 48%] Built target telemetry_bridge__rosidl_typesupport_c\n'}
[2.098085] (telemetry_bridge) StdoutLine: {'line': b'[ 48%] Built target telemetry_bridge__rosidl_typesupport_introspection_cpp\n'}
[2.102489] (-) TimerEvent: {}
[2.107889] (telemetry_bridge) StdoutLine: {'line': b'[ 50%] Linking CXX shared library libtelemetry_bridge__rosidl_typesupport_cpp.so\n'}
[2.141286] (telemetry_bridge) StdoutLine: {'line': b'[ 50%] Built target telemetry_bridge__rosidl_typesupport_cpp\n'}
[2.144193] (telemetry_bridge) StdoutLine: {'line': b'[ 51%] Linking CXX shared library libtelemetry_bridge__rosidl_typesupport_fastrtps_cpp.so\n'}
[2.200936] (telemetry_bridge) StdoutLine: {'line': b'[ 53%] Linking CXX static library libgtest_main.a\n'}
[2.202560] (-) TimerEvent: {}
[2.209661] (telemetry_bridge) StdoutLine: {'line': b'[ 53%] Built target telemetry_bridge__rosidl_typesupport_fastrtps_cpp\n'}
[2.217323] (telemetry_bridge) StdoutLine: {'line': b'[ 55%] Generating C type support for eProsima Fast-RTPS\n'}
[2.226956] (telemetry_bridge) StdoutLine: {'line': b'[ 55%] Built target gtest_main\n'}
[2.302644] (-) TimerEvent: {}
[2.387109] (telemetry_bridge) StdoutLine: {'line': b'Scanning dependencies of target telemetry_bridge__rosidl_typesupport_fastrtps_c\n'}
[2.396321] (telemetry_bridge) StdoutLine: {'line': b'[ 59%] Building CXX object CMakeFiles/telemetry_bridge__rosidl_typesupport_fastrtps_c.dir/rosidl_typesupport_fastrtps_c/telemetry_bridge/msg/detail/latency_stats__type_support_c.cpp.o\n'}
[2.396486] (telemetry_bridge) StdoutLine: {'line': b'[ 59%] Building CXX object CMakeFiles/telemetry_bridge__rosidl_typesupport_fastrtps_c.dir/rosidl_typesupport_fastrtps_c/telemetry_bridge/msg/detail/telemetry_state__type_support_c.cpp.o\n'}
[2.402724] (-) TimerEvent: {}
[2.502875] (-) TimerEvent: {}
[2.583741] (telemetry_bridge) StdoutLine: {'line': b'[ 61%] Linking CXX shared library libtelemetry_bridge__rosidl_typesupport_fastrtps_c.so\n'}
[2.602968] (-) TimerEvent: {}
[2.644142] (telemetry_bridge) StdoutLine: {'line': b'[ 61%] Built target telemetry_bridge__rosidl_typesupport_fastrtps_c\n'}
[2.652022] (telemetry_bridge) StdoutLine: {'line': b'Scanning dependencies of target telemetry_bridge\n'}
[2.659391] (telemetry_bridge) StdoutLine: {'line': b'[ 61%] Built target telemetry_bridge\n'}
[2.667485] (telemetry_bridge) StdoutLine: {'line': b'Scanning dependencies of target telemetry_bridge__py\n'}
[2.674846] (telemetry_bridge) StdoutLine: {'line': b'[ 63%] Generating Python code for ROS interfaces\n'}
[2.703049] (-) TimerEvent: {}
[2.717231] (telemetry_bridge) StdoutLine: {'line': b'Scanning dependencies of target telemetry_bridge_nodes\n'}
[2.729919] (telemetry_bridge) StdoutLine: {'line': b'[ 65%] Building CXX object CMakeFiles/telemetry_bridge_nodes.dir/workspace/src/UdpBridgeNode.cpp.o\n'}
[2.730067] (telemetry_bridge) StdoutLine: {'line': b'[ 67%] Building CXX object CMakeFiles/telemetry_bridge_nodes.dir/workspace/src/StateMonitorNode.cpp.o\n'}
[2.803131] (-) TimerEvent: {}
[2.903274] (-) TimerEvent: {}
[3.003417] (-) TimerEvent: {}
[3.038101] (telemetry_bridge) StdoutLine: {'line': b'[ 67%] Built target telemetry_bridge__py\n'}
[3.061960] (telemetry_bridge) StdoutLine: {'line': b'Scanning dependencies of target telemetry_bridge__python\n'}
[3.071894] (telemetry_bridge) StdoutLine: {'line': b'[ 71%] Building C object CMakeFiles/telemetry_bridge__python.dir/rosidl_generator_py/telemetry_bridge/msg/_latency_stats_s.c.o\n'}
[3.072031] (telemetry_bridge) StdoutLine: {'line': b'[ 71%] Building C object CMakeFiles/telemetry_bridge__python.dir/rosidl_generator_py/telemetry_bridge/msg/_telemetry_state_s.c.o\n'}
[3.103515] (-) TimerEvent: {}
[3.132131] (telemetry_bridge) StdoutLine: {'line': b'[ 73%] Linking C shared library rosidl_generator_py/telemetry_bridge/libtelemetry_bridge__python.so\n'}
[3.166395] (telemetry_bridge) StdoutLine: {'line': b'[ 73%] Built target telemetry_bridge__python\n'}
[3.179486] (telemetry_bridge) StdoutLine: {'line': b'Scanning dependencies of target telemetry_bridge__rosidl_typesupport_introspection_c__pyext\n'}
[3.181068] (telemetry_bridge) StdoutLine: {'line': b'Scanning dependencies of target telemetry_bridge__rosidl_typesupport_c__pyext\n'}
[3.183972] (telemetry_bridge) StdoutLine: {'line': b'Scanning dependencies of target telemetry_bridge__rosidl_typesupport_fastrtps_c__pyext\n'}
[3.188864] (telemetry_bridge) StdoutLine: {'line': b'[ 75%] Building C object CMakeFiles/telemetry_bridge__rosidl_typesupport_introspection_c__pyext.dir/rosidl_generator_py/telemetry_bridge/_telemetry_bridge_s.ep.rosidl_typesupport_introspection_c.c.o\n'}
[3.189927] (telemetry_bridge) StdoutLine: {'line': b'[ 76%] Building C object CMakeFiles/telemetry_bridge__rosidl_typesupport_c__pyext.dir/rosidl_generator_py/telemetry_bridge/_telemetry_bridge_s.ep.rosidl_typesupport_c.c.o\n'}
[3.192605] (telemetry_bridge) StdoutLine: {'line': b'[ 78%] Building C object CMakeFiles/telemetry_bridge__rosidl_typesupport_fastrtps_c__pyext.dir/rosidl_generator_py/telemetry_bridge/_telemetry_bridge_s.ep.rosidl_typesupport_fastrtps_c.c.o\n'}
[3.203599] (-) TimerEvent: {}
[3.242585] (telemetry_bridge) StdoutLine: {'line': b'[ 82%] Linking C shared library rosidl_generator_py/telemetry_bridge/telemetry_bridge_s__rosidl_typesupport_introspection_c.cpython-38-x86_64-linux-gnu.so\n'}
[3.242740] (telemetry_bridge) StdoutLine: {'line': b'[ 82%] Linking C shared library rosidl_generator_py/telemetry_bridge/telemetry_bridge_s__rosidl_typesupport_c.cpython-38-x86_64-linux-gnu.so\n'}
[3.248644] (telemetry_bridge) StdoutLine: {'line': b'[ 84%] Linking CXX shared library rosidl_generator_py/telemetry_bridge/telemetry_bridge_s__rosidl_typesupport_fastrtps_c.cpython-38-x86_64-linux-gnu.so\n'}
[3.271188] (telemetry_bridge) StdoutLine: {'line': b'[ 84%] Built target telemetry_bridge__rosidl_typesupport_introspection_c__pyext\n'}
[3.271340] (telemetry_bridge) StdoutLine: {'line': b'[ 84%] Built target telemetry_bridge__rosidl_typesupport_c__pyext\n'}
[3.295992] (telemetry_bridge) StdoutLine: {'line': b'[ 84%] Built target telemetry_bridge__rosidl_typesupport_fastrtps_c__pyext\n'}
[3.303671] (-) TimerEvent: {}
[3.403823] (-) TimerEvent: {}
[3.465579] (telemetry_bridge) StdoutLine: {'line': b'[ 86%] Linking CXX static library libgtest.a\n'}
[3.499441] (telemetry_bridge) StderrLine: {'line': b'In file included from /workspace/src/UdpBridgeNode.cpp:1:\n'}
[3.499600] (telemetry_bridge) StderrLine: {'line': b'/workspace/src/telemetry_bridge/../include/telemetry_bridge/UdpBridgeNode.hpp:16:36: error: expected class-name before \xe2\x80\x98:\xe2\x80\x99 token\n'}
[3.499640] (telemetry_bridge) StderrLine: {'line': b'   16 | class UdpBridgeNode : public rclcpp:Node {\n'}
[3.499670] (telemetry_bridge) StderrLine: {'line': b'      |                                    ^\n'}
[3.499695] (telemetry_bridge) StderrLine: {'line': b'/workspace/src/telemetry_bridge/../include/telemetry_bridge/UdpBridgeNode.hpp:16:36: error: expected \xe2\x80\x98{\xe2\x80\x99 before \xe2\x80\x98:\xe2\x80\x99 token\n'}
[3.499720] (telemetry_bridge) StderrLine: {'line': b'/workspace/src/telemetry_bridge/../include/telemetry_bridge/UdpBridgeNode.hpp:16:36: error: expected unqualified-id before \xe2\x80\x98:\xe2\x80\x99 token\n'}
[3.499744] (telemetry_bridge) StderrLine: {'line': b'/workspace/src/UdpBridgeNode.cpp:4:30: error: invalid use of incomplete type \xe2\x80\x98class telemetry_bridge::UdpBridgeNode\xe2\x80\x99\n'}
[3.499768] (telemetry_bridge) StderrLine: {'line': b'    4 | UdpBridgeNode::UdpBridgeNode()\n'}
[3.499791] (telemetry_bridge) StderrLine: {'line': b'      |                              ^\n'}
[3.499813] (telemetry_bridge) StderrLine: {'line': b'In file included from /workspace/src/UdpBridgeNode.cpp:1:\n'}
[3.499838] (telemetry_bridge) StderrLine: {'line': b'/workspace/src/telemetry_bridge/../include/telemetry_bridge/UdpBridgeNode.hpp:16:7: note: forward declaration of \xe2\x80\x98class telemetry_bridge::UdpBridgeNode\xe2\x80\x99\n'}
[3.499864] (telemetry_bridge) StderrLine: {'line': b'   16 | class UdpBridgeNode : public rclcpp:Node {\n'}
[3.499887] (telemetry_bridge) StderrLine: {'line': b'      |       ^~~~~~~~~~~~~\n'}
[3.499910] (telemetry_bridge) StderrLine: {'line': b'/workspace/src/UdpBridgeNode.cpp:25:31: error: invalid use of incomplete type \xe2\x80\x98class telemetry_bridge::UdpBridgeNode\xe2\x80\x99\n'}
[3.499933] (telemetry_bridge) StderrLine: {'line': b'   25 | UdpBridgeNode::~UdpBridgeNode()\n'}
[3.499955] (telemetry_bridge) StderrLine: {'line': b'      |                               ^\n'}
[3.499977] (telemetry_bridge) StderrLine: {'line': b'In file included from /workspace/src/UdpBridgeNode.cpp:1:\n'}
[3.499999] (telemetry_bridge) StderrLine: {'line': b'/workspace/src/telemetry_bridge/../include/telemetry_bridge/UdpBridgeNode.hpp:16:7: note: forward declaration of \xe2\x80\x98class telemetry_bridge::UdpBridgeNode\xe2\x80\x99\n'}
[3.500022] (telemetry_bridge) StderrLine: {'line': b'   16 | class UdpBridgeNode : public rclcpp:Node {\n'}
[3.500044] (telemetry_bridge) StderrLine: {'line': b'      |       ^~~~~~~~~~~~~\n'}
[3.500065] (telemetry_bridge) StderrLine: {'line': b'/workspace/src/UdpBridgeNode.cpp:33:101: error: invalid use of incomplete type \xe2\x80\x98class telemetry_bridge::UdpBridgeNode\xe2\x80\x99\n'}
[3.500087] (telemetry_bridge) StderrLine: {'line': b'   33 | void UdpBridgeNode::handle_outgoing_state(const telemetry_bridge::msg::TelemetryState::SharedPtr msg)\n'}
[3.500115] (telemetry_bridge) StderrLine: {'line': b'      |                                                                                                     ^\n'}
[3.500137] (telemetry_bridge) StderrLine: {'line': b'In file included from /workspace/src/UdpBridgeNode.cpp:1:\n'}
[3.500158] (telemetry_bridge) StderrLine: {'line': b'/workspace/src/telemetry_bridge/../include/telemetry_bridge/UdpBridgeNode.hpp:16:7: note: forward declaration of \xe2\x80\x98class telemetry_bridge::UdpBridgeNode\xe2\x80\x99\n'}
[3.500179] (telemetry_bridge) StderrLine: {'line': b'   16 | class UdpBridgeNode : public rclcpp:Node {\n'}
[3.500201] (telemetry_bridge) StderrLine: {'line': b'      |       ^~~~~~~~~~~~~\n'}
[3.500223] (telemetry_bridge) StderrLine: {'line': b'/workspace/src/UdpBridgeNode.cpp:38:6: error: \xe2\x80\x98UdpBrideNode\xe2\x80\x99 has not been declared\n'}
[3.500245] (telemetry_bridge) StderrLine: {'line': b'   38 | void UdpBrideNode::receive_loop(){}\n'}
[3.500271] (telemetry_bridge) StderrLine: {'line': b'      |      ^~~~~~~~~~~~\n'}
[3.500293] (telemetry_bridge) StderrLine: {'line': b'/workspace/src/UdpBridgeNode.cpp:40:104: error: invalid use of incomplete type \xe2\x80\x98class telemetry_bridge::UdpBridgeNode\xe2\x80\x99\n'}
[3.500314] (telemetry_bridge) StderrLine: {'line': b'   40 | std::vector<uint8_t> UdpBridgeNode::serialize_state(const telemetry_bridge::msg::TelemetryState & msg) const\n'}
[3.500336] (telemetry_bridge) StderrLine: {'line': b'      |                                                                                                        ^~~~~\n'}
[3.500359] (telemetry_bridge) StderrLine: {'line': b'In file included from /workspace/src/UdpBridgeNode.cpp:1:\n'}
[3.500380] (telemetry_bridge) StderrLine: {'line': b'/workspace/src/telemetry_bridge/../include/telemetry_bridge/UdpBridgeNode.hpp:16:7: note: forward declaration of \xe2\x80\x98class telemetry_bridge::UdpBridgeNode\xe2\x80\x99\n'}
[3.500402] (telemetry_bridge) StderrLine: {'line': b'   16 | class UdpBridgeNode : public rclcpp:Node {\n'}
[3.500423] (telemetry_bridge) StderrLine: {'line': b'      |       ^~~~~~~~~~~~~\n'}
[3.500445] (telemetry_bridge) StderrLine: {'line': b'/workspace/src/UdpBridgeNode.cpp:49:54: error: invalid use of incomplete type \xe2\x80\x98class telemetry_bridge::UdpBridgeNode\xe2\x80\x99\n'}
[3.500466] (telemetry_bridge) StderrLine: {'line': b'   49 |     telemetry_bridge::msg::TelemetryState & out_msg) const\n'}
[3.500488] (telemetry_bridge) StderrLine: {'line': b'      |                                                      ^~~~~\n'}
[3.500510] (telemetry_bridge) StderrLine: {'line': b'In file included from /workspace/src/UdpBridgeNode.cpp:1:\n'}
[3.500535] (telemetry_bridge) StderrLine: {'line': b'/workspace/src/telemetry_bridge/../include/telemetry_bridge/UdpBridgeNode.hpp:16:7: note: forward declaration of \xe2\x80\x98class telemetry_bridge::UdpBridgeNode\xe2\x80\x99\n'}
[3.500564] (telemetry_bridge) StderrLine: {'line': b'   16 | class UdpBridgeNode : public rclcpp:Node {\n'}
[3.500586] (telemetry_bridge) StderrLine: {'line': b'      |       ^~~~~~~~~~~~~\n'}
[3.503882] (-) TimerEvent: {}
[3.517763] (telemetry_bridge) StdoutLine: {'line': b'[ 86%] Built target gtest\n'}
[3.528680] (telemetry_bridge) StdoutLine: {'line': b'Scanning dependencies of target latency_test\n'}
[3.536671] (telemetry_bridge) StdoutLine: {'line': b'[ 88%] Building CXX object CMakeFiles/latency_test.dir/workspace/src/tests/latency_test.cpp.o\n'}
[3.603979] (-) TimerEvent: {}
[3.692607] (telemetry_bridge) StderrLine: {'line': b'make[2]: *** [CMakeFiles/telemetry_bridge_nodes.dir/build.make:76: CMakeFiles/telemetry_bridge_nodes.dir/workspace/src/UdpBridgeNode.cpp.o] Error 1\n'}
[3.692745] (telemetry_bridge) StderrLine: {'line': b'make[2]: *** Waiting for unfinished jobs....\n'}
[3.704048] (-) TimerEvent: {}
[3.804191] (-) TimerEvent: {}
[3.904351] (-) TimerEvent: {}
[4.004522] (-) TimerEvent: {}
[4.104692] (-) TimerEvent: {}
[4.204864] (-) TimerEvent: {}
[4.225231] (telemetry_bridge) StdoutLine: {'line': b'[ 90%] Linking CXX executable latency_test\n'}
[4.304966] (-) TimerEvent: {}
[4.313495] (telemetry_bridge) StdoutLine: {'line': b'[ 90%] Built target latency_test\n'}
[4.405058] (-) TimerEvent: {}
[4.505220] (-) TimerEvent: {}
[4.605380] (-) TimerEvent: {}
[4.705529] (-) TimerEvent: {}
[4.805694] (-) TimerEvent: {}
[4.905843] (-) TimerEvent: {}
[5.005989] (-) TimerEvent: {}
[5.106136] (-) TimerEvent: {}
[5.206284] (-) TimerEvent: {}
[5.306430] (-) TimerEvent: {}
[5.406581] (-) TimerEvent: {}
[5.500998] (telemetry_bridge) StderrLine: {'line': b'make[1]: *** [CMakeFiles/Makefile2:303: CMakeFiles/telemetry_bridge_nodes.dir/all] Error 2\n'}
[5.501204] (telemetry_bridge) StderrLine: {'line': b'make: *** [Makefile:141: all] Error 2\n'}
[5.502660] (telemetry_bridge) CommandEnded: {'returncode': 2}
[5.506657] (-) TimerEvent: {}
[5.569735] (telemetry_bridge) JobEnded: {'identifier': 'telemetry_bridge', 'rc': 2}
[5.579970] (-) EventReactorShutdown: {}
