-- The C compiler identification is GNU 9.4.0
-- The CXX compiler identification is GNU 9.4.0
-- Check for working C compiler: /usr/bin/cc
-- Check for working C compiler: /usr/bin/cc -- works
-- Detecting C compiler ABI info
-- Detecting C compiler ABI info - done
-- Detecting C compile features
-- Detecting C compile features - done
-- Check for working CXX compiler: /usr/bin/c++
-- Check for working CXX compiler: /usr/bin/c++ -- works
-- Detecting CXX compiler ABI info
-- Detecting CXX compiler ABI info - done
-- Detecting CXX compile features
-- Detecting CXX compile features - done
-- Found ament_cmake: 0.9.12 (/opt/ros/foxy/share/ament_cmake/cmake)
-- Found PythonInterp: /usr/bin/python3 (found suitable version "3.8.10", minimum required is "3") 
-- Using PYTHON_EXECUTABLE: /usr/bin/python3
-- Found rclcpp: 2.4.3 (/opt/ros/foxy/share/rclcpp/cmake)
-- Using all available rosidl_typesupport_c: rosidl_typesupport_fastrtps_c;rosidl_typesupport_introspection_c
-- Found rosidl_adapter: 1.3.1 (/opt/ros/foxy/share/rosidl_adapter/cmake)
-- Found OpenSSL: /usr/lib/x86_64-linux-gnu/libcrypto.so (found version "1.1.1f")  
-- Found FastRTPS: /opt/ros/foxy/include  
-- Using all available rosidl_typesupport_cpp: rosidl_typesupport_fastrtps_cpp;rosidl_typesupport_introspection_cpp
-- Found rmw_implementation_cmake: 1.0.4 (/opt/ros/foxy/share/rmw_implementation_cmake/cmake)
-- Using RMW implementation 'rmw_fastrtps_cpp' as default
-- Looking for pthread.h
-- Looking for pthread.h - found
-- Performing Test CMAKE_HAVE_LIBC_PTHREAD
-- Performing Test CMAKE_HAVE_LIBC_PTHREAD - Failed
-- Looking for pthread_create in pthreads
-- Looking for pthread_create in pthreads - not found
-- Looking for pthread_create in pthread
-- Looking for pthread_create in pthread - found
-- Found Threads: TRUE  
-- Found rosidl_default_generators: 1.0.1 (/opt/ros/foxy/share/rosidl_default_generators/cmake)
-- Found ament_cmake_gtest: 0.9.12 (/opt/ros/foxy/share/ament_cmake_gtest/cmake)
-- Found PythonInterp: /usr/bin/python3 (found version "3.8.10") 
-- Found ament_cmake_ros: 0.9.2 (/opt/ros/foxy/share/ament_cmake_ros/cmake)
-- Using all available rosidl_typesupport_c: rosidl_typesupport_fastrtps_c;rosidl_typesupport_introspection_c
-- Using all available rosidl_typesupport_cpp: rosidl_typesupport_fastrtps_cpp;rosidl_typesupport_introspection_cpp
-- Found PythonInterp: /usr/bin/python3 (found suitable version "3.8.10", minimum required is "3.5") 
-- Found python_cmake_module: 0.8.1 (/opt/ros/foxy/share/python_cmake_module/cmake)
-- Found PythonLibs: /usr/lib/x86_64-linux-gnu/libpython3.8.so (found suitable version "3.8.10", minimum required is "3.5") 
-- Using PYTHON_EXECUTABLE: /usr/bin/python3
-- Using PYTHON_INCLUDE_DIRS: /usr/include/python3.8
-- Using PYTHON_LIBRARIES: /usr/lib/x86_64-linux-gnu/libpython3.8.so
-- Found PythonExtra: .so  
-- Found gtest sources under '/opt/ros/foxy/src/gtest_vendor': C++ tests using 'Google Test' will be built
-- Check if compiler accepts -pthread
-- Check if compiler accepts -pthread - yes
-- Configuring done
-- Generating done
-- Build files have been written to: /workspace/build/telemetry_bridge
[  1%] Generating C code for ROS interfaces
Scanning dependencies of target telemetry_bridge__cpp
Scanning dependencies of target gtest_main
[  3%] Generating C++ code for ROS interfaces
Scanning dependencies of target gtest
[  5%] Building CXX object gtest/CMakeFiles/gtest.dir/src/gtest-all.cc.o
[  7%] Building CXX object gtest/CMakeFiles/gtest_main.dir/src/gtest_main.cc.o
[  7%] Built target telemetry_bridge__cpp
[ 11%] Generating C++ type support dispatch for ROS interfaces
[ 11%] Generating C++ type support for eProsima Fast-RTPS
[ 13%] Generating C++ introspection for ROS interfaces
Scanning dependencies of target telemetry_bridge__rosidl_generator_c
[ 17%] Building C object CMakeFiles/telemetry_bridge__rosidl_generator_c.dir/rosidl_generator_c/telemetry_bridge/msg/detail/latency_stats__functions.c.o
[ 17%] Building C object CMakeFiles/telemetry_bridge__rosidl_generator_c.dir/rosidl_generator_c/telemetry_bridge/msg/detail/telemetry_state__functions.c.o
[ 19%] Linking C shared library libtelemetry_bridge__rosidl_generator_c.so
[ 19%] Built target telemetry_bridge__rosidl_generator_c
[ 23%] Generating C introspection for ROS interfaces
[ 23%] Generating C type support dispatch for ROS interfaces
Scanning dependencies of target telemetry_bridge__rosidl_typesupport_cpp
Scanning dependencies of target telemetry_bridge__rosidl_typesupport_introspection_cpp
[ 26%] Building CXX object CMakeFiles/telemetry_bridge__rosidl_typesupport_cpp.dir/rosidl_typesupport_cpp/telemetry_bridge/msg/latency_stats__type_support.cpp.o
[ 26%] Building CXX object CMakeFiles/telemetry_bridge__rosidl_typesupport_cpp.dir/rosidl_typesupport_cpp/telemetry_bridge/msg/telemetry_state__type_support.cpp.o
[ 28%] Building CXX object CMakeFiles/telemetry_bridge__rosidl_typesupport_introspection_cpp.dir/rosidl_typesupport_introspection_cpp/telemetry_bridge/msg/detail/telemetry_state__type_support.cpp.o
[ 30%] Building CXX object CMakeFiles/telemetry_bridge__rosidl_typesupport_introspection_cpp.dir/rosidl_typesupport_introspection_cpp/telemetry_bridge/msg/detail/latency_stats__type_support.cpp.o
Scanning dependencies of target telemetry_bridge__rosidl_typesupport_fastrtps_cpp
[ 34%] Building CXX object CMakeFiles/telemetry_bridge__rosidl_typesupport_fastrtps_cpp.dir/rosidl_typesupport_fastrtps_cpp/telemetry_bridge/msg/detail/dds_fastrtps/telemetry_state__type_support.cpp.o
[ 34%] Building CXX object CMakeFiles/telemetry_bridge__rosidl_typesupport_fastrtps_cpp.dir/rosidl_typesupport_fastrtps_cpp/telemetry_bridge/msg/detail/dds_fastrtps/latency_stats__type_support.cpp.o
Scanning dependencies of target telemetry_bridge__rosidl_typesupport_introspection_c
[ 36%] Building C object CMakeFiles/telemetry_bridge__rosidl_typesupport_introspection_c.dir/rosidl_typesupport_introspection_c/telemetry_bridge/msg/detail/latency_stats__type_support.c.o
[ 38%] Building C object CMakeFiles/telemetry_bridge__rosidl_typesupport_introspection_c.dir/rosidl_typesupport_introspection_c/telemetry_bridge/msg/detail/telemetry_state__type_support.c.o
Scanning dependencies of target telemetry_bridge__rosidl_typesupport_c
[ 42%] Building CXX object CMakeFiles/telemetry_bridge__rosidl_typesupport_c.dir/rosidl_typesupport_c/telemetry_bridge/msg/telemetry_state__type_support.cpp.o
[ 42%] Building CXX object CMakeFiles/telemetry_bridge__rosidl_typesupport_c.dir/rosidl_typesupport_c/telemetry_bridge/msg/latency_stats__type_support.cpp.o
[ 44%] Linking C shared library libtelemetry_bridge__rosidl_typesupport_introspection_c.so
[ 46%] Linking CXX shared library libtelemetry_bridge__rosidl_typesupport_c.so
[ 48%] Linking CXX shared library libtelemetry_bridge__rosidl_typesupport_introspection_cpp.so
[ 48%] Built target telemetry_bridge__rosidl_typesupport_introspection_c
[ 48%] Built target telemetry_bridge__rosidl_typesupport_c
[ 48%] Built target telemetry_bridge__rosidl_typesupport_introspection_cpp
[ 50%] Linking CXX shared library libtelemetry_bridge__rosidl_typesupport_cpp.so
[ 50%] Built target telemetry_bridge__rosidl_typesupport_cpp
[ 51%] Linking CXX shared library libtelemetry_bridge__rosidl_typesupport_fastrtps_cpp.so
[ 53%] Linking CXX static library libgtest_main.a
[ 53%] Built target telemetry_bridge__rosidl_typesupport_fastrtps_cpp
[ 55%] Generating C type support for eProsima Fast-RTPS
[ 55%] Built target gtest_main
Scanning dependencies of target telemetry_bridge__rosidl_typesupport_fastrtps_c
[ 59%] Building CXX object CMakeFiles/telemetry_bridge__rosidl_typesupport_fastrtps_c.dir/rosidl_typesupport_fastrtps_c/telemetry_bridge/msg/detail/latency_stats__type_support_c.cpp.o
[ 59%] Building CXX object CMakeFiles/telemetry_bridge__rosidl_typesupport_fastrtps_c.dir/rosidl_typesupport_fastrtps_c/telemetry_bridge/msg/detail/telemetry_state__type_support_c.cpp.o
[ 61%] Linking CXX shared library libtelemetry_bridge__rosidl_typesupport_fastrtps_c.so
[ 61%] Built target telemetry_bridge__rosidl_typesupport_fastrtps_c
Scanning dependencies of target telemetry_bridge
[ 61%] Built target telemetry_bridge
Scanning dependencies of target telemetry_bridge__py
[ 63%] Generating Python code for ROS interfaces
Scanning dependencies of target telemetry_bridge_nodes
[ 65%] Building CXX object CMakeFiles/telemetry_bridge_nodes.dir/workspace/src/UdpBridgeNode.cpp.o
[ 67%] Building CXX object CMakeFiles/telemetry_bridge_nodes.dir/workspace/src/StateMonitorNode.cpp.o
[ 67%] Built target telemetry_bridge__py
Scanning dependencies of target telemetry_bridge__python
[ 71%] Building C object CMakeFiles/telemetry_bridge__python.dir/rosidl_generator_py/telemetry_bridge/msg/_latency_stats_s.c.o
[ 71%] Building C object CMakeFiles/telemetry_bridge__python.dir/rosidl_generator_py/telemetry_bridge/msg/_telemetry_state_s.c.o
[ 73%] Linking C shared library rosidl_generator_py/telemetry_bridge/libtelemetry_bridge__python.so
[ 73%] Built target telemetry_bridge__python
Scanning dependencies of target telemetry_bridge__rosidl_typesupport_introspection_c__pyext
Scanning dependencies of target telemetry_bridge__rosidl_typesupport_c__pyext
Scanning dependencies of target telemetry_bridge__rosidl_typesupport_fastrtps_c__pyext
[ 75%] Building C object CMakeFiles/telemetry_bridge__rosidl_typesupport_introspection_c__pyext.dir/rosidl_generator_py/telemetry_bridge/_telemetry_bridge_s.ep.rosidl_typesupport_introspection_c.c.o
[ 76%] Building C object CMakeFiles/telemetry_bridge__rosidl_typesupport_c__pyext.dir/rosidl_generator_py/telemetry_bridge/_telemetry_bridge_s.ep.rosidl_typesupport_c.c.o
[ 78%] Building C object CMakeFiles/telemetry_bridge__rosidl_typesupport_fastrtps_c__pyext.dir/rosidl_generator_py/telemetry_bridge/_telemetry_bridge_s.ep.rosidl_typesupport_fastrtps_c.c.o
[ 82%] Linking C shared library rosidl_generator_py/telemetry_bridge/telemetry_bridge_s__rosidl_typesupport_introspection_c.cpython-38-x86_64-linux-gnu.so
[ 82%] Linking C shared library rosidl_generator_py/telemetry_bridge/telemetry_bridge_s__rosidl_typesupport_c.cpython-38-x86_64-linux-gnu.so
[ 84%] Linking CXX shared library rosidl_generator_py/telemetry_bridge/telemetry_bridge_s__rosidl_typesupport_fastrtps_c.cpython-38-x86_64-linux-gnu.so
[ 84%] Built target telemetry_bridge__rosidl_typesupport_introspection_c__pyext
[ 84%] Built target telemetry_bridge__rosidl_typesupport_c__pyext
[ 84%] Built target telemetry_bridge__rosidl_typesupport_fastrtps_c__pyext
[ 86%] Linking CXX static library libgtest.a
[ 86%] Built target gtest
Scanning dependencies of target latency_test
[ 88%] Building CXX object CMakeFiles/latency_test.dir/workspace/src/tests/latency_test.cpp.o
[ 90%] Linking CXX executable latency_test
[ 90%] Built target latency_test
