[0.015s] Invoking command in '/workspace/build/telemetry_bridge': CMAKE_PREFIX_PATH=/opt/ros/foxy /usr/bin/cmake /workspace/src/telemetry_bridge -DBUILD_TESTING=ON -DCMAKE_INSTALL_PREFIX=/workspace/install/telemetry_bridge
[0.165s] -- The C compiler identification is GNU 9.4.0
[0.252s] -- The CXX compiler identification is GNU 9.4.0
[0.257s] -- Check for working C compiler: /usr/bin/cc
[0.312s] -- Check for working C compiler: /usr/bin/cc -- works
[0.313s] -- Detecting C compiler ABI info
[0.364s] -- Detecting C compiler ABI info - done
[0.369s] -- Detecting C compile features
[0.369s] -- Detecting C compile features - done
[0.371s] -- Check for working CXX compiler: /usr/bin/c++
[0.428s] -- Check for working CXX compiler: /usr/bin/c++ -- works
[0.429s] -- Detecting CXX compiler ABI info
[0.485s] -- Detecting CXX compiler ABI info - done
[0.490s] -- Detecting CXX compile features
[0.491s] -- Detecting CXX compile features - done
[0.495s] -- Found ament_cmake: 0.9.12 (/opt/ros/foxy/share/ament_cmake/cmake)
[0.509s] -- Found PythonInterp: /usr/bin/python3 (found suitable version "3.8.10", minimum required is "3") 
[0.509s] -- Using PYTHON_EXECUTABLE: /usr/bin/python3
[0.594s] -- Found rclcpp: 2.4.3 (/opt/ros/foxy/share/rclcpp/cmake)
[0.623s] -- Using all available rosidl_typesupport_c: rosidl_typesupport_fastrtps_c;rosidl_typesupport_introspection_c
[0.628s] -- Found rosidl_adapter: 1.3.1 (/opt/ros/foxy/share/rosidl_adapter/cmake)
[0.680s] -- Found OpenSSL: /usr/lib/x86_64-linux-gnu/libcrypto.so (found version "1.1.1f")  
[0.691s] -- Found FastRTPS: /opt/ros/foxy/include  
[0.734s] -- Using all available rosidl_typesupport_cpp: rosidl_typesupport_fastrtps_cpp;rosidl_typesupport_introspection_cpp
[0.769s] -- Found rmw_implementation_cmake: 1.0.4 (/opt/ros/foxy/share/rmw_implementation_cmake/cmake)
[0.771s] -- Using RMW implementation 'rmw_fastrtps_cpp' as default
[0.772s] -- Looking for pthread.h
[0.828s] -- Looking for pthread.h - found
[0.828s] -- Performing Test CMAKE_HAVE_LIBC_PTHREAD
[0.882s] -- Performing Test CMAKE_HAVE_LIBC_PTHREAD - Failed
[0.882s] -- Looking for pthread_create in pthreads
[0.926s] -- Looking for pthread_create in pthreads - not found
[0.927s] -- Looking for pthread_create in pthread
[0.976s] -- Looking for pthread_create in pthread - found
[0.977s] -- Found Threads: TRUE  
[1.063s] -- Found rosidl_default_generators: 1.0.1 (/opt/ros/foxy/share/rosidl_default_generators/cmake)
[1.070s] -- Found ament_cmake_gtest: 0.9.12 (/opt/ros/foxy/share/ament_cmake_gtest/cmake)
[1.080s] -- Found PythonInterp: /usr/bin/python3 (found version "3.8.10") 
[1.168s] -- Found ament_cmake_ros: 0.9.2 (/opt/ros/foxy/share/ament_cmake_ros/cmake)
[1.251s] -- Using all available rosidl_typesupport_c: rosidl_typesupport_fastrtps_c;rosidl_typesupport_introspection_c
[1.284s] -- Using all available rosidl_typesupport_cpp: rosidl_typesupport_fastrtps_cpp;rosidl_typesupport_introspection_cpp
[1.295s] -- Found PythonInterp: /usr/bin/python3 (found suitable version "3.8.10", minimum required is "3.5") 
[1.297s] -- Found python_cmake_module: 0.8.1 (/opt/ros/foxy/share/python_cmake_module/cmake)
[1.309s] -- Found PythonLibs: /usr/lib/x86_64-linux-gnu/libpython3.8.so (found suitable version "3.8.10", minimum required is "3.5") 
[1.309s] -- Using PYTHON_EXECUTABLE: /usr/bin/python3
[1.310s] -- Using PYTHON_INCLUDE_DIRS: /usr/include/python3.8
[1.310s] -- Using PYTHON_LIBRARIES: /usr/lib/x86_64-linux-gnu/libpython3.8.so
[1.318s] -- Found PythonExtra: .so  
[1.355s] -- Found gtest sources under '/opt/ros/foxy/src/gtest_vendor': C++ tests using 'Google Test' will be built
[1.357s] -- Check if compiler accepts -pthread
[1.411s] -- Check if compiler accepts -pthread - yes
[1.423s] -- Configuring done
[1.470s] -- Generating done
[1.472s] -- Build files have been written to: /workspace/build/telemetry_bridge
[1.478s] Invoked command in '/workspace/build/telemetry_bridge' returned '0': CMAKE_PREFIX_PATH=/opt/ros/foxy /usr/bin/cmake /workspace/src/telemetry_bridge -DBUILD_TESTING=ON -DCMAKE_INSTALL_PREFIX=/workspace/install/telemetry_bridge
[1.480s] Invoking command in '/workspace/build/telemetry_bridge': CMAKE_PREFIX_PATH=/opt/ros/foxy /usr/bin/cmake --build /workspace/build/telemetry_bridge -- -j16 -l16
[1.512s] [  1%] Generating C code for ROS interfaces
[1.512s] Scanning dependencies of target telemetry_bridge__cpp
[1.519s] Scanning dependencies of target gtest_main
[1.519s] [  3%] Generating C++ code for ROS interfaces
[1.520s] Scanning dependencies of target gtest
[1.527s] [  5%] Building CXX object gtest/CMakeFiles/gtest.dir/src/gtest-all.cc.o
[1.527s] [  7%] Building CXX object gtest/CMakeFiles/gtest_main.dir/src/gtest_main.cc.o
[1.691s] [  7%] Built target telemetry_bridge__cpp
[1.700s] [ 11%] Generating C++ type support dispatch for ROS interfaces
[1.701s] [ 11%] Generating C++ type support for eProsima Fast-RTPS
[1.701s] [ 13%] Generating C++ introspection for ROS interfaces
[1.709s] Scanning dependencies of target telemetry_bridge__rosidl_generator_c
[1.719s] [ 17%] Building C object CMakeFiles/telemetry_bridge__rosidl_generator_c.dir/rosidl_generator_c/telemetry_bridge/msg/detail/latency_stats__functions.c.o
[1.719s] [ 17%] Building C object CMakeFiles/telemetry_bridge__rosidl_generator_c.dir/rosidl_generator_c/telemetry_bridge/msg/detail/telemetry_state__functions.c.o
[1.753s] [ 19%] Linking C shared library libtelemetry_bridge__rosidl_generator_c.so
[1.789s] [ 19%] Built target telemetry_bridge__rosidl_generator_c
[1.797s] [ 23%] Generating C introspection for ROS interfaces
[1.797s] [ 23%] Generating C type support dispatch for ROS interfaces
[1.861s] Scanning dependencies of target telemetry_bridge__rosidl_typesupport_cpp
[1.866s] Scanning dependencies of target telemetry_bridge__rosidl_typesupport_introspection_cpp
[1.870s] [ 26%] Building CXX object CMakeFiles/telemetry_bridge__rosidl_typesupport_cpp.dir/rosidl_typesupport_cpp/telemetry_bridge/msg/latency_stats__type_support.cpp.o
[1.870s] [ 26%] Building CXX object CMakeFiles/telemetry_bridge__rosidl_typesupport_cpp.dir/rosidl_typesupport_cpp/telemetry_bridge/msg/telemetry_state__type_support.cpp.o
[1.876s] [ 28%] Building CXX object CMakeFiles/telemetry_bridge__rosidl_typesupport_introspection_cpp.dir/rosidl_typesupport_introspection_cpp/telemetry_bridge/msg/detail/telemetry_state__type_support.cpp.o
[1.877s] [ 30%] Building CXX object CMakeFiles/telemetry_bridge__rosidl_typesupport_introspection_cpp.dir/rosidl_typesupport_introspection_cpp/telemetry_bridge/msg/detail/latency_stats__type_support.cpp.o
[1.888s] Scanning dependencies of target telemetry_bridge__rosidl_typesupport_fastrtps_cpp
[1.899s] [ 34%] Building CXX object CMakeFiles/telemetry_bridge__rosidl_typesupport_fastrtps_cpp.dir/rosidl_typesupport_fastrtps_cpp/telemetry_bridge/msg/detail/dds_fastrtps/telemetry_state__type_support.cpp.o
[1.899s] [ 34%] Building CXX object CMakeFiles/telemetry_bridge__rosidl_typesupport_fastrtps_cpp.dir/rosidl_typesupport_fastrtps_cpp/telemetry_bridge/msg/detail/dds_fastrtps/latency_stats__type_support.cpp.o
[1.988s] Scanning dependencies of target telemetry_bridge__rosidl_typesupport_introspection_c
[2.000s] [ 36%] Building C object CMakeFiles/telemetry_bridge__rosidl_typesupport_introspection_c.dir/rosidl_typesupport_introspection_c/telemetry_bridge/msg/detail/latency_stats__type_support.c.o
[2.000s] [ 38%] Building C object CMakeFiles/telemetry_bridge__rosidl_typesupport_introspection_c.dir/rosidl_typesupport_introspection_c/telemetry_bridge/msg/detail/telemetry_state__type_support.c.o
[2.005s] Scanning dependencies of target telemetry_bridge__rosidl_typesupport_c
[2.018s] [ 42%] Building CXX object CMakeFiles/telemetry_bridge__rosidl_typesupport_c.dir/rosidl_typesupport_c/telemetry_bridge/msg/telemetry_state__type_support.cpp.o
[2.018s] [ 42%] Building CXX object CMakeFiles/telemetry_bridge__rosidl_typesupport_c.dir/rosidl_typesupport_c/telemetry_bridge/msg/latency_stats__type_support.cpp.o
[2.031s] [ 44%] Linking C shared library libtelemetry_bridge__rosidl_typesupport_introspection_c.so
[2.049s] [ 46%] Linking CXX shared library libtelemetry_bridge__rosidl_typesupport_c.so
[2.052s] [ 48%] Linking CXX shared library libtelemetry_bridge__rosidl_typesupport_introspection_cpp.so
[2.059s] [ 48%] Built target telemetry_bridge__rosidl_typesupport_introspection_c
[2.082s] [ 48%] Built target telemetry_bridge__rosidl_typesupport_c
[2.098s] [ 48%] Built target telemetry_bridge__rosidl_typesupport_introspection_cpp
[2.108s] [ 50%] Linking CXX shared library libtelemetry_bridge__rosidl_typesupport_cpp.so
[2.141s] [ 50%] Built target telemetry_bridge__rosidl_typesupport_cpp
[2.144s] [ 51%] Linking CXX shared library libtelemetry_bridge__rosidl_typesupport_fastrtps_cpp.so
[2.201s] [ 53%] Linking CXX static library libgtest_main.a
[2.209s] [ 53%] Built target telemetry_bridge__rosidl_typesupport_fastrtps_cpp
[2.217s] [ 55%] Generating C type support for eProsima Fast-RTPS
[2.227s] [ 55%] Built target gtest_main
[2.387s] Scanning dependencies of target telemetry_bridge__rosidl_typesupport_fastrtps_c
[2.396s] [ 59%] Building CXX object CMakeFiles/telemetry_bridge__rosidl_typesupport_fastrtps_c.dir/rosidl_typesupport_fastrtps_c/telemetry_bridge/msg/detail/latency_stats__type_support_c.cpp.o
[2.396s] [ 59%] Building CXX object CMakeFiles/telemetry_bridge__rosidl_typesupport_fastrtps_c.dir/rosidl_typesupport_fastrtps_c/telemetry_bridge/msg/detail/telemetry_state__type_support_c.cpp.o
[2.583s] [ 61%] Linking CXX shared library libtelemetry_bridge__rosidl_typesupport_fastrtps_c.so
[2.644s] [ 61%] Built target telemetry_bridge__rosidl_typesupport_fastrtps_c
[2.652s] Scanning dependencies of target telemetry_bridge
[2.659s] [ 61%] Built target telemetry_bridge
[2.667s] Scanning dependencies of target telemetry_bridge__py
[2.674s] [ 63%] Generating Python code for ROS interfaces
[2.717s] Scanning dependencies of target telemetry_bridge_nodes
[2.730s] [ 65%] Building CXX object CMakeFiles/telemetry_bridge_nodes.dir/workspace/src/UdpBridgeNode.cpp.o
[2.730s] [ 67%] Building CXX object CMakeFiles/telemetry_bridge_nodes.dir/workspace/src/StateMonitorNode.cpp.o
[3.038s] [ 67%] Built target telemetry_bridge__py
[3.062s] Scanning dependencies of target telemetry_bridge__python
[3.072s] [ 71%] Building C object CMakeFiles/telemetry_bridge__python.dir/rosidl_generator_py/telemetry_bridge/msg/_latency_stats_s.c.o
[3.072s] [ 71%] Building C object CMakeFiles/telemetry_bridge__python.dir/rosidl_generator_py/telemetry_bridge/msg/_telemetry_state_s.c.o
[3.132s] [ 73%] Linking C shared library rosidl_generator_py/telemetry_bridge/libtelemetry_bridge__python.so
[3.166s] [ 73%] Built target telemetry_bridge__python
[3.179s] Scanning dependencies of target telemetry_bridge__rosidl_typesupport_introspection_c__pyext
[3.181s] Scanning dependencies of target telemetry_bridge__rosidl_typesupport_c__pyext
[3.184s] Scanning dependencies of target telemetry_bridge__rosidl_typesupport_fastrtps_c__pyext
[3.188s] [ 75%] Building C object CMakeFiles/telemetry_bridge__rosidl_typesupport_introspection_c__pyext.dir/rosidl_generator_py/telemetry_bridge/_telemetry_bridge_s.ep.rosidl_typesupport_introspection_c.c.o
[3.190s] [ 76%] Building C object CMakeFiles/telemetry_bridge__rosidl_typesupport_c__pyext.dir/rosidl_generator_py/telemetry_bridge/_telemetry_bridge_s.ep.rosidl_typesupport_c.c.o
[3.192s] [ 78%] Building C object CMakeFiles/telemetry_bridge__rosidl_typesupport_fastrtps_c__pyext.dir/rosidl_generator_py/telemetry_bridge/_telemetry_bridge_s.ep.rosidl_typesupport_fastrtps_c.c.o
[3.242s] [ 82%] Linking C shared library rosidl_generator_py/telemetry_bridge/telemetry_bridge_s__rosidl_typesupport_introspection_c.cpython-38-x86_64-linux-gnu.so
[3.242s] [ 82%] Linking C shared library rosidl_generator_py/telemetry_bridge/telemetry_bridge_s__rosidl_typesupport_c.cpython-38-x86_64-linux-gnu.so
[3.248s] [ 84%] Linking CXX shared library rosidl_generator_py/telemetry_bridge/telemetry_bridge_s__rosidl_typesupport_fastrtps_c.cpython-38-x86_64-linux-gnu.so
[3.271s] [ 84%] Built target telemetry_bridge__rosidl_typesupport_introspection_c__pyext
[3.271s] [ 84%] Built target telemetry_bridge__rosidl_typesupport_c__pyext
[3.296s] [ 84%] Built target telemetry_bridge__rosidl_typesupport_fastrtps_c__pyext
[3.465s] [ 86%] Linking CXX static library libgtest.a
[3.499s] In file included from /workspace/src/UdpBridgeNode.cpp:1:
[3.499s] /workspace/src/telemetry_bridge/../include/telemetry_bridge/UdpBridgeNode.hpp:16:36: error: expected class-name before ‘:’ token
[3.499s]    16 | class UdpBridgeNode : public rclcpp:Node {
[3.499s]       |                                    ^
[3.499s] /workspace/src/telemetry_bridge/../include/telemetry_bridge/UdpBridgeNode.hpp:16:36: error: expected ‘{’ before ‘:’ token
[3.499s] /workspace/src/telemetry_bridge/../include/telemetry_bridge/UdpBridgeNode.hpp:16:36: error: expected unqualified-id before ‘:’ token
[3.499s] /workspace/src/UdpBridgeNode.cpp:4:30: error: invalid use of incomplete type ‘class telemetry_bridge::UdpBridgeNode’
[3.499s]     4 | UdpBridgeNode::UdpBridgeNode()
[3.499s]       |                              ^
[3.499s] In file included from /workspace/src/UdpBridgeNode.cpp:1:
[3.499s] /workspace/src/telemetry_bridge/../include/telemetry_bridge/UdpBridgeNode.hpp:16:7: note: forward declaration of ‘class telemetry_bridge::UdpBridgeNode’
[3.499s]    16 | class UdpBridgeNode : public rclcpp:Node {
[3.499s]       |       ^~~~~~~~~~~~~
[3.499s] /workspace/src/UdpBridgeNode.cpp:25:31: error: invalid use of incomplete type ‘class telemetry_bridge::UdpBridgeNode’
[3.499s]    25 | UdpBridgeNode::~UdpBridgeNode()
[3.500s]       |                               ^
[3.500s] In file included from /workspace/src/UdpBridgeNode.cpp:1:
[3.500s] /workspace/src/telemetry_bridge/../include/telemetry_bridge/UdpBridgeNode.hpp:16:7: note: forward declaration of ‘class telemetry_bridge::UdpBridgeNode’
[3.500s]    16 | class UdpBridgeNode : public rclcpp:Node {
[3.500s]       |       ^~~~~~~~~~~~~
[3.500s] /workspace/src/UdpBridgeNode.cpp:33:101: error: invalid use of incomplete type ‘class telemetry_bridge::UdpBridgeNode’
[3.500s]    33 | void UdpBridgeNode::handle_outgoing_state(const telemetry_bridge::msg::TelemetryState::SharedPtr msg)
[3.500s]       |                                                                                                     ^
[3.500s] In file included from /workspace/src/UdpBridgeNode.cpp:1:
[3.500s] /workspace/src/telemetry_bridge/../include/telemetry_bridge/UdpBridgeNode.hpp:16:7: note: forward declaration of ‘class telemetry_bridge::UdpBridgeNode’
[3.500s]    16 | class UdpBridgeNode : public rclcpp:Node {
[3.500s]       |       ^~~~~~~~~~~~~
[3.500s] /workspace/src/UdpBridgeNode.cpp:38:6: error: ‘UdpBrideNode’ has not been declared
[3.500s]    38 | void UdpBrideNode::receive_loop(){}
[3.500s]       |      ^~~~~~~~~~~~
[3.500s] /workspace/src/UdpBridgeNode.cpp:40:104: error: invalid use of incomplete type ‘class telemetry_bridge::UdpBridgeNode’
[3.500s]    40 | std::vector<uint8_t> UdpBridgeNode::serialize_state(const telemetry_bridge::msg::TelemetryState & msg) const
[3.500s]       |                                                                                                        ^~~~~
[3.500s] In file included from /workspace/src/UdpBridgeNode.cpp:1:
[3.500s] /workspace/src/telemetry_bridge/../include/telemetry_bridge/UdpBridgeNode.hpp:16:7: note: forward declaration of ‘class telemetry_bridge::UdpBridgeNode’
[3.500s]    16 | class UdpBridgeNode : public rclcpp:Node {
[3.500s]       |       ^~~~~~~~~~~~~
[3.500s] /workspace/src/UdpBridgeNode.cpp:49:54: error: invalid use of incomplete type ‘class telemetry_bridge::UdpBridgeNode’
[3.500s]    49 |     telemetry_bridge::msg::TelemetryState & out_msg) const
[3.500s]       |                                                      ^~~~~
[3.500s] In file included from /workspace/src/UdpBridgeNode.cpp:1:
[3.500s] /workspace/src/telemetry_bridge/../include/telemetry_bridge/UdpBridgeNode.hpp:16:7: note: forward declaration of ‘class telemetry_bridge::UdpBridgeNode’
[3.500s]    16 | class UdpBridgeNode : public rclcpp:Node {
[3.500s]       |       ^~~~~~~~~~~~~
[3.517s] [ 86%] Built target gtest
[3.528s] Scanning dependencies of target latency_test
[3.536s] [ 88%] Building CXX object CMakeFiles/latency_test.dir/workspace/src/tests/latency_test.cpp.o
[3.692s] make[2]: *** [CMakeFiles/telemetry_bridge_nodes.dir/build.make:76: CMakeFiles/telemetry_bridge_nodes.dir/workspace/src/UdpBridgeNode.cpp.o] Error 1
[3.692s] make[2]: *** Waiting for unfinished jobs....
[4.225s] [ 90%] Linking CXX executable latency_test
[4.313s] [ 90%] Built target latency_test
[5.501s] make[1]: *** [CMakeFiles/Makefile2:303: CMakeFiles/telemetry_bridge_nodes.dir/all] Error 2
[5.501s] make: *** [Makefile:141: all] Error 2
[5.502s] Invoked command in '/workspace/build/telemetry_bridge' returned '2': CMAKE_PREFIX_PATH=/opt/ros/foxy /usr/bin/cmake --build /workspace/build/telemetry_bridge -- -j16 -l16
