[0.010s] Invoking command in '/workspace/build/telemetry_bridge': CMAKE_PREFIX_PATH=/opt/ros/foxy /usr/bin/cmake --build /workspace/build/telemetry_bridge -- -j16 -l16
[0.052s] [  5%] Built target telemetry_bridge__cpp
[0.052s] [  5%] Built target gtest_main
[0.053s] [ 13%] Built target telemetry_bridge__rosidl_generator_c
[0.054s] [ 17%] Built target gtest
[0.069s] [ 21%] Built target latency_test
[0.069s] [ 28%] Built target telemetry_bridge__rosidl_typesupport_c
[0.069s] [ 40%] Built target telemetry_bridge__rosidl_typesupport_cpp
[0.069s] [ 44%] Built target telemetry_bridge__rosidl_typesupport_introspection_cpp
[0.069s] [ 51%] Built target telemetry_bridge__rosidl_typesupport_introspection_c
[0.070s] [ 59%] Built target telemetry_bridge__rosidl_typesupport_fastrtps_cpp
[0.088s] [ 67%] Built target telemetry_bridge__rosidl_typesupport_fastrtps_c
[0.103s] [ 67%] Built target telemetry_bridge
[0.118s] [ 69%] Built target telemetry_bridge__py
[0.126s] Scanning dependencies of target telemetry_bridge_nodes
[0.135s] [ 75%] Built target telemetry_bridge__python
[0.137s] [ 76%] Building CXX object CMakeFiles/telemetry_bridge_nodes.dir/workspace/src/StateMonitorNode.cpp.o
[0.152s] [ 88%] Built target telemetry_bridge__rosidl_typesupport_c__pyext
[0.152s] [ 88%] Built target telemetry_bridge__rosidl_typesupport_fastrtps_c__pyext
[0.152s] [ 88%] Built target telemetry_bridge__rosidl_typesupport_introspection_c__pyext
[2.838s] [ 90%] Linking CXX shared library libtelemetry_bridge_nodes.so
[3.057s] [ 92%] Built target telemetry_bridge_nodes
[3.077s] Scanning dependencies of target udp_bridge
[3.079s] Scanning dependencies of target monitor_test
[3.088s] [ 94%] Building CXX object CMakeFiles/udp_bridge.dir/workspace/src/main.cpp.o
[3.089s] [ 96%] Building CXX object CMakeFiles/monitor_test.dir/workspace/src/tests/monitor_test.cpp.o
[4.134s] [ 98%] Linking CXX executable udp_bridge
[4.229s] [ 98%] Built target udp_bridge
[4.636s] [100%] Linking CXX executable monitor_test
[4.769s] [100%] Built target monitor_test
[4.778s] Invoked command in '/workspace/build/telemetry_bridge' returned '0': CMAKE_PREFIX_PATH=/opt/ros/foxy /usr/bin/cmake --build /workspace/build/telemetry_bridge -- -j16 -l16
[4.838s] Invoking command in '/workspace/build/telemetry_bridge': CMAKE_PREFIX_PATH=/opt/ros/foxy /usr/bin/cmake --install /workspace/build/telemetry_bridge
[4.845s] -- Install configuration: ""
[4.845s] -- Up-to-date: /workspace/install/telemetry_bridge/share/ament_index/resource_index/rosidl_interfaces/telemetry_bridge
[4.845s] -- Up-to-date: /workspace/install/telemetry_bridge/include/telemetry_bridge
[4.845s] -- Up-to-date: /workspace/install/telemetry_bridge/include/telemetry_bridge/msg
[4.845s] -- Up-to-date: /workspace/install/telemetry_bridge/include/telemetry_bridge/msg/rosidl_generator_c__visibility_control.h
[4.845s] -- Up-to-date: /workspace/install/telemetry_bridge/include/telemetry_bridge/msg/telemetry_state.h
[4.845s] -- Up-to-date: /workspace/install/telemetry_bridge/include/telemetry_bridge/msg/detail
[4.845s] -- Up-to-date: /workspace/install/telemetry_bridge/include/telemetry_bridge/msg/detail/latency_stats__type_support.h
[4.846s] -- Up-to-date: /workspace/install/telemetry_bridge/include/telemetry_bridge/msg/detail/telemetry_state__functions.c
[4.846s] -- Up-to-date: /workspace/install/telemetry_bridge/include/telemetry_bridge/msg/detail/latency_stats__struct.h
[4.846s] -- Up-to-date: /workspace/install/telemetry_bridge/include/telemetry_bridge/msg/detail/telemetry_state__struct.h
[4.846s] -- Up-to-date: /workspace/install/telemetry_bridge/include/telemetry_bridge/msg/detail/telemetry_state__functions.h
[4.846s] -- Up-to-date: /workspace/install/telemetry_bridge/include/telemetry_bridge/msg/detail/latency_stats__functions.h
[4.846s] -- Up-to-date: /workspace/install/telemetry_bridge/include/telemetry_bridge/msg/detail/telemetry_state__type_support.h
[4.846s] -- Up-to-date: /workspace/install/telemetry_bridge/include/telemetry_bridge/msg/detail/latency_stats__functions.c
[4.846s] -- Up-to-date: /workspace/install/telemetry_bridge/include/telemetry_bridge/msg/latency_stats.h
[4.846s] -- Up-to-date: /workspace/install/telemetry_bridge/share/telemetry_bridge/environment/library_path.sh
[4.846s] -- Up-to-date: /workspace/install/telemetry_bridge/share/telemetry_bridge/environment/library_path.dsv
[4.847s] -- Up-to-date: /workspace/install/telemetry_bridge/lib/libtelemetry_bridge__rosidl_generator_c.so
[4.847s] -- Up-to-date: /workspace/install/telemetry_bridge/include/telemetry_bridge
[4.847s] -- Up-to-date: /workspace/install/telemetry_bridge/include/telemetry_bridge/msg
[4.847s] -- Up-to-date: /workspace/install/telemetry_bridge/include/telemetry_bridge/msg/detail
[4.847s] -- Up-to-date: /workspace/install/telemetry_bridge/include/telemetry_bridge/msg/detail/latency_stats__rosidl_typesupport_fastrtps_c.h
[4.847s] -- Up-to-date: /workspace/install/telemetry_bridge/include/telemetry_bridge/msg/detail/telemetry_state__rosidl_typesupport_fastrtps_c.h
[4.847s] -- Up-to-date: /workspace/install/telemetry_bridge/include/telemetry_bridge/msg/rosidl_typesupport_fastrtps_c__visibility_control.h
[4.847s] -- Up-to-date: /workspace/install/telemetry_bridge/lib/libtelemetry_bridge__rosidl_typesupport_fastrtps_c.so
[4.847s] -- Up-to-date: /workspace/install/telemetry_bridge/include/telemetry_bridge
[4.847s] -- Up-to-date: /workspace/install/telemetry_bridge/include/telemetry_bridge/msg
[4.847s] -- Up-to-date: /workspace/install/telemetry_bridge/include/telemetry_bridge/msg/rosidl_typesupport_fastrtps_cpp__visibility_control.h
[4.847s] -- Up-to-date: /workspace/install/telemetry_bridge/include/telemetry_bridge/msg/detail
[4.847s] -- Up-to-date: /workspace/install/telemetry_bridge/include/telemetry_bridge/msg/detail/dds_fastrtps
[4.847s] -- Up-to-date: /workspace/install/telemetry_bridge/include/telemetry_bridge/msg/detail/latency_stats__rosidl_typesupport_fastrtps_cpp.hpp
[4.847s] -- Up-to-date: /workspace/install/telemetry_bridge/include/telemetry_bridge/msg/detail/telemetry_state__rosidl_typesupport_fastrtps_cpp.hpp
[4.848s] -- Up-to-date: /workspace/install/telemetry_bridge/lib/libtelemetry_bridge__rosidl_typesupport_fastrtps_cpp.so
[4.848s] -- Up-to-date: /workspace/install/telemetry_bridge/include/telemetry_bridge
[4.848s] -- Up-to-date: /workspace/install/telemetry_bridge/include/telemetry_bridge/msg
[4.848s] -- Up-to-date: /workspace/install/telemetry_bridge/include/telemetry_bridge/msg/detail
[4.848s] -- Up-to-date: /workspace/install/telemetry_bridge/include/telemetry_bridge/msg/detail/telemetry_state__rosidl_typesupport_introspection_c.h
[4.848s] -- Up-to-date: /workspace/install/telemetry_bridge/include/telemetry_bridge/msg/detail/telemetry_state__type_support.c
[4.848s] -- Up-to-date: /workspace/install/telemetry_bridge/include/telemetry_bridge/msg/detail/latency_stats__rosidl_typesupport_introspection_c.h
[4.848s] -- Up-to-date: /workspace/install/telemetry_bridge/include/telemetry_bridge/msg/detail/latency_stats__type_support.c
[4.848s] -- Up-to-date: /workspace/install/telemetry_bridge/include/telemetry_bridge/msg/rosidl_typesupport_introspection_c__visibility_control.h
[4.848s] -- Up-to-date: /workspace/install/telemetry_bridge/lib/libtelemetry_bridge__rosidl_typesupport_introspection_c.so
[4.848s] -- Up-to-date: /workspace/install/telemetry_bridge/lib/libtelemetry_bridge__rosidl_typesupport_c.so
[4.849s] -- Up-to-date: /workspace/install/telemetry_bridge/include/telemetry_bridge
[4.849s] -- Up-to-date: /workspace/install/telemetry_bridge/include/telemetry_bridge/msg
[4.849s] -- Up-to-date: /workspace/install/telemetry_bridge/include/telemetry_bridge/msg/detail
[4.849s] -- Up-to-date: /workspace/install/telemetry_bridge/include/telemetry_bridge/msg/detail/telemetry_state__traits.hpp
[4.849s] -- Up-to-date: /workspace/install/telemetry_bridge/include/telemetry_bridge/msg/detail/telemetry_state__builder.hpp
[4.849s] -- Up-to-date: /workspace/install/telemetry_bridge/include/telemetry_bridge/msg/detail/latency_stats__struct.hpp
[4.849s] -- Up-to-date: /workspace/install/telemetry_bridge/include/telemetry_bridge/msg/detail/telemetry_state__type_support.hpp
[4.849s] -- Up-to-date: /workspace/install/telemetry_bridge/include/telemetry_bridge/msg/detail/telemetry_state__struct.hpp
[4.849s] -- Up-to-date: /workspace/install/telemetry_bridge/include/telemetry_bridge/msg/detail/latency_stats__type_support.hpp
[4.849s] -- Up-to-date: /workspace/install/telemetry_bridge/include/telemetry_bridge/msg/detail/latency_stats__traits.hpp
[4.849s] -- Up-to-date: /workspace/install/telemetry_bridge/include/telemetry_bridge/msg/detail/latency_stats__builder.hpp
[4.849s] -- Up-to-date: /workspace/install/telemetry_bridge/include/telemetry_bridge/msg/rosidl_generator_cpp__visibility_control.hpp
[4.849s] -- Up-to-date: /workspace/install/telemetry_bridge/include/telemetry_bridge/msg/telemetry_state.hpp
[4.849s] -- Up-to-date: /workspace/install/telemetry_bridge/include/telemetry_bridge/msg/latency_stats.hpp
[4.849s] -- Up-to-date: /workspace/install/telemetry_bridge/include/telemetry_bridge
[4.849s] -- Up-to-date: /workspace/install/telemetry_bridge/include/telemetry_bridge/msg
[4.849s] -- Up-to-date: /workspace/install/telemetry_bridge/include/telemetry_bridge/msg/detail
[4.849s] -- Up-to-date: /workspace/install/telemetry_bridge/include/telemetry_bridge/msg/detail/latency_stats__type_support.cpp
[4.849s] -- Up-to-date: /workspace/install/telemetry_bridge/include/telemetry_bridge/msg/detail/latency_stats__rosidl_typesupport_introspection_cpp.hpp
[4.849s] -- Up-to-date: /workspace/install/telemetry_bridge/include/telemetry_bridge/msg/detail/telemetry_state__type_support.cpp
[4.850s] -- Up-to-date: /workspace/install/telemetry_bridge/include/telemetry_bridge/msg/detail/telemetry_state__rosidl_typesupport_introspection_cpp.hpp
[4.850s] -- Up-to-date: /workspace/install/telemetry_bridge/lib/libtelemetry_bridge__rosidl_typesupport_introspection_cpp.so
[4.850s] -- Up-to-date: /workspace/install/telemetry_bridge/lib/libtelemetry_bridge__rosidl_typesupport_cpp.so
[4.850s] -- Up-to-date: /workspace/install/telemetry_bridge/share/telemetry_bridge/environment/pythonpath.sh
[4.850s] -- Up-to-date: /workspace/install/telemetry_bridge/share/telemetry_bridge/environment/pythonpath.dsv
[4.850s] -- Up-to-date: /workspace/install/telemetry_bridge/lib/python3.8/site-packages/telemetry_bridge/__init__.py
[4.868s] -- Up-to-date: /workspace/install/telemetry_bridge/lib/python3.8/site-packages/telemetry_bridge/msg
[4.868s] -- Up-to-date: /workspace/install/telemetry_bridge/lib/python3.8/site-packages/telemetry_bridge/msg/__init__.py
[4.868s] -- Up-to-date: /workspace/install/telemetry_bridge/lib/python3.8/site-packages/telemetry_bridge/msg/_latency_stats_s.c
[4.868s] -- Up-to-date: /workspace/install/telemetry_bridge/lib/python3.8/site-packages/telemetry_bridge/msg/_telemetry_state_s.c
[4.868s] -- Up-to-date: /workspace/install/telemetry_bridge/lib/python3.8/site-packages/telemetry_bridge/msg/_telemetry_state.py
[4.868s] -- Up-to-date: /workspace/install/telemetry_bridge/lib/python3.8/site-packages/telemetry_bridge/msg/_latency_stats.py
[4.868s] -- Up-to-date: /workspace/install/telemetry_bridge/lib/python3.8/site-packages/telemetry_bridge/telemetry_bridge_s__rosidl_typesupport_fastrtps_c.cpython-38-x86_64-linux-gnu.so
[4.868s] -- Up-to-date: /workspace/install/telemetry_bridge/lib/python3.8/site-packages/telemetry_bridge/telemetry_bridge_s__rosidl_typesupport_introspection_c.cpython-38-x86_64-linux-gnu.so
[4.869s] -- Up-to-date: /workspace/install/telemetry_bridge/lib/python3.8/site-packages/telemetry_bridge/telemetry_bridge_s__rosidl_typesupport_c.cpython-38-x86_64-linux-gnu.so
[4.869s] -- Up-to-date: /workspace/install/telemetry_bridge/lib/libtelemetry_bridge__python.so
[4.870s] -- Up-to-date: /workspace/install/telemetry_bridge/share/telemetry_bridge/msg/TelemetryState.idl
[4.870s] -- Up-to-date: /workspace/install/telemetry_bridge/share/telemetry_bridge/msg/LatencyStats.idl
[4.870s] -- Up-to-date: /workspace/install/telemetry_bridge/share/telemetry_bridge/msg/TelemetryState.msg
[4.870s] -- Up-to-date: /workspace/install/telemetry_bridge/share/telemetry_bridge/msg/LatencyStats.msg
[4.870s] -- Installing: /workspace/install/telemetry_bridge/lib/telemetry_bridge/udp_bridge
[4.870s] -- Set runtime path of "/workspace/install/telemetry_bridge/lib/telemetry_bridge/udp_bridge" to ""
[4.870s] -- Up-to-date: /workspace/install/telemetry_bridge/share/telemetry_bridge/launch
[4.870s] -- Up-to-date: /workspace/install/telemetry_bridge/share/telemetry_bridge/launch/bridge_launch.py
[4.871s] -- Up-to-date: /workspace/install/telemetry_bridge/share/telemetry_bridge/config
[4.871s] -- Up-to-date: /workspace/install/telemetry_bridge/share/telemetry_bridge/config/bridge_params.yaml
[4.871s] -- Up-to-date: /workspace/install/telemetry_bridge/share/ament_index/resource_index/package_run_dependencies/telemetry_bridge
[4.871s] -- Up-to-date: /workspace/install/telemetry_bridge/share/ament_index/resource_index/parent_prefix_path/telemetry_bridge
[4.871s] -- Up-to-date: /workspace/install/telemetry_bridge/share/telemetry_bridge/environment/ament_prefix_path.sh
[4.871s] -- Up-to-date: /workspace/install/telemetry_bridge/share/telemetry_bridge/environment/ament_prefix_path.dsv
[4.871s] -- Up-to-date: /workspace/install/telemetry_bridge/share/telemetry_bridge/environment/path.sh
[4.871s] -- Up-to-date: /workspace/install/telemetry_bridge/share/telemetry_bridge/environment/path.dsv
[4.871s] -- Up-to-date: /workspace/install/telemetry_bridge/share/telemetry_bridge/local_setup.bash
[4.871s] -- Up-to-date: /workspace/install/telemetry_bridge/share/telemetry_bridge/local_setup.sh
[4.871s] -- Up-to-date: /workspace/install/telemetry_bridge/share/telemetry_bridge/local_setup.zsh
[4.871s] -- Up-to-date: /workspace/install/telemetry_bridge/share/telemetry_bridge/local_setup.dsv
[4.871s] -- Installing: /workspace/install/telemetry_bridge/share/telemetry_bridge/package.dsv
[4.871s] -- Up-to-date: /workspace/install/telemetry_bridge/share/ament_index/resource_index/packages/telemetry_bridge
[4.871s] -- Up-to-date: /workspace/install/telemetry_bridge/share/telemetry_bridge/cmake/telemetry_bridge__rosidl_generator_cExport.cmake
[4.871s] -- Up-to-date: /workspace/install/telemetry_bridge/share/telemetry_bridge/cmake/telemetry_bridge__rosidl_generator_cExport-noconfig.cmake
[4.871s] -- Up-to-date: /workspace/install/telemetry_bridge/share/telemetry_bridge/cmake/telemetry_bridge__rosidl_typesupport_introspection_cExport.cmake
[4.871s] -- Up-to-date: /workspace/install/telemetry_bridge/share/telemetry_bridge/cmake/telemetry_bridge__rosidl_typesupport_introspection_cExport-noconfig.cmake
[4.872s] -- Up-to-date: /workspace/install/telemetry_bridge/share/telemetry_bridge/cmake/telemetry_bridge__rosidl_typesupport_cExport.cmake
[4.872s] -- Up-to-date: /workspace/install/telemetry_bridge/share/telemetry_bridge/cmake/telemetry_bridge__rosidl_typesupport_cExport-noconfig.cmake
[4.872s] -- Up-to-date: /workspace/install/telemetry_bridge/share/telemetry_bridge/cmake/telemetry_bridge__rosidl_generator_cppExport.cmake
[4.872s] -- Up-to-date: /workspace/install/telemetry_bridge/share/telemetry_bridge/cmake/telemetry_bridge__rosidl_typesupport_introspection_cppExport.cmake
[4.872s] -- Up-to-date: /workspace/install/telemetry_bridge/share/telemetry_bridge/cmake/telemetry_bridge__rosidl_typesupport_introspection_cppExport-noconfig.cmake
[4.872s] -- Up-to-date: /workspace/install/telemetry_bridge/share/telemetry_bridge/cmake/telemetry_bridge__rosidl_typesupport_cppExport.cmake
[4.872s] -- Up-to-date: /workspace/install/telemetry_bridge/share/telemetry_bridge/cmake/telemetry_bridge__rosidl_typesupport_cppExport-noconfig.cmake
[4.872s] -- Up-to-date: /workspace/install/telemetry_bridge/share/telemetry_bridge/cmake/rosidl_cmake-extras.cmake
[4.872s] -- Up-to-date: /workspace/install/telemetry_bridge/share/telemetry_bridge/cmake/ament_cmake_export_dependencies-extras.cmake
[4.872s] -- Up-to-date: /workspace/install/telemetry_bridge/share/telemetry_bridge/cmake/ament_cmake_export_libraries-extras.cmake
[4.872s] -- Up-to-date: /workspace/install/telemetry_bridge/share/telemetry_bridge/cmake/ament_cmake_export_targets-extras.cmake
[4.872s] -- Up-to-date: /workspace/install/telemetry_bridge/share/telemetry_bridge/cmake/ament_cmake_export_include_directories-extras.cmake
[4.872s] -- Up-to-date: /workspace/install/telemetry_bridge/share/telemetry_bridge/cmake/rosidl_cmake_export_typesupport_libraries-extras.cmake
[4.872s] -- Up-to-date: /workspace/install/telemetry_bridge/share/telemetry_bridge/cmake/rosidl_cmake_export_typesupport_targets-extras.cmake
[4.872s] -- Up-to-date: /workspace/install/telemetry_bridge/share/telemetry_bridge/cmake/telemetry_bridgeConfig.cmake
[4.872s] -- Up-to-date: /workspace/install/telemetry_bridge/share/telemetry_bridge/cmake/telemetry_bridgeConfig-version.cmake
[4.872s] -- Up-to-date: /workspace/install/telemetry_bridge/share/telemetry_bridge/package.xml
[4.874s] Invoked command in '/workspace/build/telemetry_bridge' returned '0': CMAKE_PREFIX_PATH=/opt/ros/foxy /usr/bin/cmake --install /workspace/build/telemetry_bridge
